2019-01-19 19:16:57,459 [Worker-3: Loading available Gradle versions] INFO  c.g.t.t.d.PublishedGradleVersions - Gradle version information cache is up-to-date. Trying to read.
2019-01-19 19:17:52,096 [Worker-3: Importing Maven projects] INFO  o.e.m.c.i.l.LifecycleMappingFactory - Using org.eclipse.m2e.jdt.JarLifecycleMapping lifecycle mapping for MavenProject: com.imse:imse:0.0.1-SNAPSHOT @ C:\Users\acer\Desktop\IMSE\imse_m2_final\IMSE\pom.xml.
2019-01-19 19:17:55,597 [Worker-3: Importing Maven projects] INFO  o.e.m.j.i.AbstractJavaProjectConfigurator - Adding source folder /IMSE/src/main/java
2019-01-19 19:17:55,597 [Worker-3: Importing Maven projects] INFO  o.e.m.j.i.AbstractJavaProjectConfigurator - Adding resource folder /IMSE/src/main/resources
2019-01-19 19:17:55,608 [Worker-3: Importing Maven projects] INFO  o.e.m.j.i.AbstractJavaProjectConfigurator - Adding resource folder /IMSE/src/main/resources
2019-01-19 19:17:55,617 [Worker-3: Importing Maven projects] INFO  o.e.m.j.i.AbstractJavaProjectConfigurator - Adding source folder /IMSE/src/test/java
2019-01-19 19:17:59,411 [Worker-3: Importing Maven projects] INFO  o.e.m.c.i.p.ProjectConfigurationManager - Imported and configured 1 project(s) in 18 sec
2019-01-19 19:18:01,435 [Worker-11: Launching ImseApplication] INFO  o.e.m.c.i.embedder.EclipseLogger - Using 'UTF-8' encoding to copy filtered resources.
2019-01-19 19:18:01,444 [Worker-11: Launching ImseApplication] INFO  o.e.m.c.i.embedder.EclipseLogger - Copying 1 resource
2019-01-19 19:18:01,470 [Worker-11: Launching ImseApplication] INFO  o.e.m.c.i.embedder.EclipseLogger - Copying 8 resources
2019-01-19 19:18:01,579 [Worker-11: Launching ImseApplication] INFO  o.e.m.c.i.embedder.EclipseLogger - Using 'UTF-8' encoding to copy filtered resources.
2019-01-19 19:18:01,579 [Worker-11: Launching ImseApplication] INFO  o.e.m.c.i.embedder.EclipseLogger - skip non existing resourceDirectory C:\Users\acer\Desktop\IMSE\imse_m2_final\IMSE\src\test\resources
2019-01-19 19:18:02,971 [Worker-10: Building workspace] INFO  o.e.m.c.i.embedder.EclipseLogger - Using 'UTF-8' encoding to copy filtered resources.
2019-01-19 19:18:02,973 [Worker-10: Building workspace] INFO  o.e.m.c.i.embedder.EclipseLogger - Copying 0 resource
2019-01-19 19:18:02,973 [Worker-10: Building workspace] INFO  o.e.m.c.i.embedder.EclipseLogger - Copying 0 resource
2019-01-19 19:18:02,977 [Worker-10: Building workspace] INFO  o.e.m.c.i.embedder.EclipseLogger - Using 'UTF-8' encoding to copy filtered resources.
2019-01-19 19:18:03,078 [Worker-10: Building workspace] INFO  o.e.m.c.i.embedder.EclipseLogger - skip non existing resourceDirectory C:\Users\acer\Desktop\IMSE\imse_m2_final\IMSE\src\test\resources
2019-01-19 19:18:19,644 [Worker-11: Launching Executing clean in C__Users_acer_Desktop_IMSE_imse_m2_final_IMSE] INFO  o.e.m.i.launch.MavenLaunchDelegate - C:\Users\acer\Desktop\IMSE\imse_m2_final\IMSE
2019-01-19 19:18:19,646 [Worker-11: Launching Executing clean in C__Users_acer_Desktop_IMSE_imse_m2_final_IMSE] INFO  o.e.m.i.launch.MavenLaunchDelegate -  mvn -B clean
2019-01-19 19:18:22,611 [Worker-3: Building workspace] INFO  o.e.m.c.i.embedder.EclipseLogger - Using 'UTF-8' encoding to copy filtered resources.
2019-01-19 19:18:22,622 [Worker-3: Building workspace] INFO  o.e.m.c.i.embedder.EclipseLogger - Copying 1 resource
2019-01-19 19:18:22,634 [Worker-3: Building workspace] INFO  o.e.m.c.i.embedder.EclipseLogger - Copying 8 resources
2019-01-19 19:18:22,668 [Worker-3: Building workspace] INFO  o.e.m.c.i.embedder.EclipseLogger - Using 'UTF-8' encoding to copy filtered resources.
2019-01-19 19:18:22,668 [Worker-3: Building workspace] INFO  o.e.m.c.i.embedder.EclipseLogger - skip non existing resourceDirectory C:\Users\acer\Desktop\IMSE\imse_m2_final\IMSE\src\test\resources
2019-01-19 19:21:33,906 [Worker-6: Launching Executing install in C__Users_acer_Desktop_IMSE_imse_m2_final_IMSE] INFO  o.e.m.i.launch.MavenLaunchDelegate - C:\Users\acer\Desktop\IMSE\imse_m2_final\IMSE
2019-01-19 19:21:33,906 [Worker-6: Launching Executing install in C__Users_acer_Desktop_IMSE_imse_m2_final_IMSE] INFO  o.e.m.i.launch.MavenLaunchDelegate -  mvn -B install
2019-01-19 19:21:37,622 [Worker-6: Building workspace] INFO  o.e.m.c.i.embedder.EclipseLogger - Using 'UTF-8' encoding to copy filtered resources.
2019-01-19 19:21:37,622 [Worker-6: Building workspace] INFO  o.e.m.c.i.embedder.EclipseLogger - Copying 1 resource
2019-01-19 19:21:37,622 [Worker-6: Building workspace] INFO  o.e.m.c.i.embedder.EclipseLogger - Copying 8 resources
2019-01-19 19:21:37,628 [Worker-6: Building workspace] INFO  o.e.m.c.i.embedder.EclipseLogger - Using 'UTF-8' encoding to copy filtered resources.
2019-01-19 19:21:37,628 [Worker-6: Building workspace] INFO  o.e.m.c.i.embedder.EclipseLogger - skip non existing resourceDirectory C:\Users\acer\Desktop\IMSE\imse_m2_final\IMSE\src\test\resources
2019-01-19 19:24:23,323 [Worker-6: Building workspace] INFO  o.e.m.c.i.embedder.EclipseLogger - Using 'UTF-8' encoding to copy filtered resources.
2019-01-19 19:24:23,331 [Worker-6: Building workspace] INFO  o.e.m.c.i.embedder.EclipseLogger - Copying 0 resource
2019-01-19 19:24:23,331 [Worker-6: Building workspace] INFO  o.e.m.c.i.embedder.EclipseLogger - Copying 0 resource
2019-01-19 19:24:23,335 [Worker-6: Building workspace] INFO  o.e.m.c.i.embedder.EclipseLogger - Using 'UTF-8' encoding to copy filtered resources.
2019-01-19 19:24:23,335 [Worker-6: Building workspace] INFO  o.e.m.c.i.embedder.EclipseLogger - skip non existing resourceDirectory C:\Users\acer\Desktop\IMSE\imse_m2_final\IMSE\src\test\resources
2019-01-19 19:24:27,901 [Worker-10: Launching Executing install in C__Users_acer_Desktop_IMSE_imse_m2_final_IMSE] INFO  o.e.m.i.launch.MavenLaunchDelegate - C:\Users\acer\Desktop\IMSE\imse_m2_final\IMSE
2019-01-19 19:24:27,901 [Worker-10: Launching Executing install in C__Users_acer_Desktop_IMSE_imse_m2_final_IMSE] INFO  o.e.m.i.launch.MavenLaunchDelegate -  mvn -B install
2019-01-19 19:24:31,561 [Worker-6: Building workspace] INFO  o.e.m.c.i.embedder.EclipseLogger - Using 'UTF-8' encoding to copy filtered resources.
2019-01-19 19:24:31,561 [Worker-6: Building workspace] INFO  o.e.m.c.i.embedder.EclipseLogger - Copying 1 resource
2019-01-19 19:24:31,561 [Worker-6: Building workspace] INFO  o.e.m.c.i.embedder.EclipseLogger - Copying 8 resources
2019-01-19 19:24:31,572 [Worker-6: Building workspace] INFO  o.e.m.c.i.embedder.EclipseLogger - Using 'UTF-8' encoding to copy filtered resources.
2019-01-19 19:24:31,581 [Worker-6: Building workspace] INFO  o.e.m.c.i.embedder.EclipseLogger - skip non existing resourceDirectory C:\Users\acer\Desktop\IMSE\imse_m2_final\IMSE\src\test\resources
2019-01-19 19:28:28,107 [Worker-6: Building workspace] INFO  o.e.m.c.i.embedder.EclipseLogger - Using 'UTF-8' encoding to copy filtered resources.
2019-01-19 19:28:28,118 [Worker-6: Building workspace] INFO  o.e.m.c.i.embedder.EclipseLogger - Copying 1 resource
2019-01-19 19:28:28,127 [Worker-6: Building workspace] INFO  o.e.m.c.i.embedder.EclipseLogger - Copying 8 resources
2019-01-19 19:28:28,187 [Worker-6: Building workspace] INFO  o.e.m.c.i.embedder.EclipseLogger - Using 'UTF-8' encoding to copy filtered resources.
2019-01-19 19:28:28,187 [Worker-6: Building workspace] INFO  o.e.m.c.i.embedder.EclipseLogger - skip non existing resourceDirectory C:\Users\acer\Desktop\IMSE\imse_m2_final\IMSE\src\test\resources
2019-01-19 19:28:34,502 [Worker-10: Updating Maven Project] INFO  o.e.m.c.i.p.ProjectConfigurationManager - Update started
2019-01-19 19:28:35,297 [Worker-10: Updating Maven Project] INFO  o.e.m.c.i.l.LifecycleMappingFactory - Using org.eclipse.m2e.jdt.JarLifecycleMapping lifecycle mapping for MavenProject: com.imse:imse:0.0.1-SNAPSHOT @ C:\Users\acer\Desktop\IMSE\imse_m2_final\IMSE\pom.xml.
2019-01-19 19:28:36,239 [Worker-10: Updating Maven Project] INFO  o.e.m.j.i.AbstractJavaProjectConfigurator - Adding source folder /IMSE/src/main/java
2019-01-19 19:28:36,239 [Worker-10: Updating Maven Project] INFO  o.e.m.j.i.AbstractJavaProjectConfigurator - Adding resource folder /IMSE/src/main/resources
2019-01-19 19:28:36,239 [Worker-10: Updating Maven Project] INFO  o.e.m.j.i.AbstractJavaProjectConfigurator - Adding resource folder /IMSE/src/main/resources
2019-01-19 19:28:36,239 [Worker-10: Updating Maven Project] INFO  o.e.m.j.i.AbstractJavaProjectConfigurator - Adding source folder /IMSE/src/test/java
2019-01-19 19:28:36,552 [Worker-10: Updating Maven Project] INFO  o.e.m.c.i.p.ProjectConfigurationManager - Update completed: 2 sec
2019-01-19 19:28:37,582 [Worker-10: Building workspace] INFO  o.e.m.c.i.embedder.EclipseLogger - Using 'UTF-8' encoding to copy filtered resources.
2019-01-19 19:28:37,589 [Worker-10: Building workspace] INFO  o.e.m.c.i.embedder.EclipseLogger - Copying 1 resource
2019-01-19 19:28:37,609 [Worker-10: Building workspace] INFO  o.e.m.c.i.embedder.EclipseLogger - Copying 8 resources
2019-01-19 19:28:37,650 [Worker-10: Building workspace] INFO  o.e.m.c.i.embedder.EclipseLogger - Using 'UTF-8' encoding to copy filtered resources.
2019-01-19 19:28:37,650 [Worker-10: Building workspace] INFO  o.e.m.c.i.embedder.EclipseLogger - skip non existing resourceDirectory C:\Users\acer\Desktop\IMSE\imse_m2_final\IMSE\src\test\resources
2019-01-19 19:28:40,230 [Worker-6: Building workspace] INFO  o.e.m.c.i.embedder.EclipseLogger - Using 'UTF-8' encoding to copy filtered resources.
2019-01-19 19:28:40,230 [Worker-6: Building workspace] INFO  o.e.m.c.i.embedder.EclipseLogger - Copying 1 resource
2019-01-19 19:28:40,240 [Worker-6: Building workspace] INFO  o.e.m.c.i.embedder.EclipseLogger - Copying 8 resources
2019-01-19 19:28:40,260 [Worker-6: Building workspace] INFO  o.e.m.c.i.embedder.EclipseLogger - Using 'UTF-8' encoding to copy filtered resources.
2019-01-19 19:28:40,305 [Worker-6: Building workspace] INFO  o.e.m.c.i.embedder.EclipseLogger - skip non existing resourceDirectory C:\Users\acer\Desktop\IMSE\imse_m2_final\IMSE\src\test\resources
2019-01-19 19:28:43,841 [Worker-10: Launching Executing install in C__Users_acer_Desktop_IMSE_imse_m2_final_IMSE] INFO  o.e.m.i.launch.MavenLaunchDelegate - C:\Users\acer\Desktop\IMSE\imse_m2_final\IMSE
2019-01-19 19:28:43,851 [Worker-10: Launching Executing install in C__Users_acer_Desktop_IMSE_imse_m2_final_IMSE] INFO  o.e.m.i.launch.MavenLaunchDelegate -  mvn -B install
2019-01-19 19:29:00,940 [Worker-10: Building workspace] INFO  o.e.m.c.i.embedder.EclipseLogger - Using 'UTF-8' encoding to copy filtered resources.
2019-01-19 19:29:00,946 [Worker-10: Building workspace] INFO  o.e.m.c.i.embedder.EclipseLogger - Copying 1 resource
2019-01-19 19:29:00,959 [Worker-10: Building workspace] INFO  o.e.m.c.i.embedder.EclipseLogger - Copying 8 resources
2019-01-19 19:29:00,967 [Worker-10: Building workspace] INFO  o.e.m.c.i.embedder.EclipseLogger - Using 'UTF-8' encoding to copy filtered resources.
2019-01-19 19:29:00,967 [Worker-10: Building workspace] INFO  o.e.m.c.i.embedder.EclipseLogger - skip non existing resourceDirectory C:\Users\acer\Desktop\IMSE\imse_m2_final\IMSE\src\test\resources
2019-01-19 19:30:59,499 [Worker-14: Building workspace] INFO  o.e.m.c.i.embedder.EclipseLogger - Using 'UTF-8' encoding to copy filtered resources.
2019-01-19 19:30:59,499 [Worker-14: Building workspace] INFO  o.e.m.c.i.embedder.EclipseLogger - Copying 0 resource
2019-01-19 19:30:59,499 [Worker-14: Building workspace] INFO  o.e.m.c.i.embedder.EclipseLogger - Copying 0 resource
2019-01-19 19:30:59,505 [Worker-14: Building workspace] INFO  o.e.m.c.i.embedder.EclipseLogger - Using 'UTF-8' encoding to copy filtered resources.
2019-01-19 19:30:59,505 [Worker-14: Building workspace] INFO  o.e.m.c.i.embedder.EclipseLogger - skip non existing resourceDirectory C:\Users\acer\Desktop\IMSE\imse_m2_final\IMSE\src\test\resources
2019-01-19 19:31:33,617 [Worker-13: Building workspace] INFO  o.e.m.c.i.l.LifecycleMappingFactory - Using org.eclipse.m2e.jdt.JarLifecycleMapping lifecycle mapping for MavenProject: com.imse:imse:0.0.1-SNAPSHOT @ C:\Users\acer\Desktop\IMSE\imse_m2_final\IMSE\pom.xml.
2019-01-19 19:31:34,347 [Worker-13: Building workspace] INFO  o.e.m.c.i.embedder.EclipseLogger - Using 'UTF-8' encoding to copy filtered resources.
2019-01-19 19:31:34,349 [Worker-13: Building workspace] INFO  o.e.m.c.i.embedder.EclipseLogger - Copying 0 resource
2019-01-19 19:31:34,359 [Worker-13: Building workspace] INFO  o.e.m.c.i.embedder.EclipseLogger - Copying 0 resource
2019-01-19 19:31:34,359 [Worker-13: Building workspace] INFO  o.e.m.c.i.embedder.EclipseLogger - Using 'UTF-8' encoding to copy filtered resources.
2019-01-19 19:31:34,369 [Worker-13: Building workspace] INFO  o.e.m.c.i.embedder.EclipseLogger - skip non existing resourceDirectory C:\Users\acer\Desktop\IMSE\imse_m2_final\IMSE\src\test\resources
2019-01-19 19:31:36,206 [Worker-16: Building workspace] INFO  o.e.m.c.i.embedder.EclipseLogger - Using 'UTF-8' encoding to copy filtered resources.
2019-01-19 19:31:36,215 [Worker-16: Building workspace] INFO  o.e.m.c.i.embedder.EclipseLogger - Copying 1 resource
2019-01-19 19:31:36,236 [Worker-16: Building workspace] INFO  o.e.m.c.i.embedder.EclipseLogger - Copying 8 resources
2019-01-19 19:31:36,345 [Worker-16: Building workspace] INFO  o.e.m.c.i.embedder.EclipseLogger - Using 'UTF-8' encoding to copy filtered resources.
2019-01-19 19:31:36,345 [Worker-16: Building workspace] INFO  o.e.m.c.i.embedder.EclipseLogger - skip non existing resourceDirectory C:\Users\acer\Desktop\IMSE\imse_m2_final\IMSE\src\test\resources
2019-01-19 19:43:24,391 [Worker-4: Building workspace] INFO  o.e.m.c.i.embedder.EclipseLogger - Using 'UTF-8' encoding to copy filtered resources.
2019-01-19 19:43:24,391 [Worker-4: Building workspace] INFO  o.e.m.c.i.embedder.EclipseLogger - Copying 1 resource
2019-01-19 19:43:24,399 [Worker-4: Building workspace] INFO  o.e.m.c.i.embedder.EclipseLogger - Copying 8 resources
2019-01-19 19:43:24,399 [Worker-4: Building workspace] INFO  o.e.m.c.i.embedder.EclipseLogger - Using 'UTF-8' encoding to copy filtered resources.
2019-01-19 19:43:24,419 [Worker-4: Building workspace] INFO  o.e.m.c.i.embedder.EclipseLogger - skip non existing resourceDirectory C:\Users\acer\Desktop\IMSE\imse_m2_final\IMSE\src\test\resources
2019-01-19 19:43:49,210 [Worker-17: Building workspace] INFO  o.e.m.c.i.embedder.EclipseLogger - Using 'UTF-8' encoding to copy filtered resources.
2019-01-19 19:43:49,216 [Worker-17: Building workspace] INFO  o.e.m.c.i.embedder.EclipseLogger - Copying 1 resource
2019-01-19 19:43:49,286 [Worker-17: Building workspace] INFO  o.e.m.c.i.embedder.EclipseLogger - Copying 8 resources
2019-01-19 19:43:49,320 [Worker-17: Building workspace] INFO  o.e.m.c.i.embedder.EclipseLogger - Using 'UTF-8' encoding to copy filtered resources.
2019-01-19 19:43:49,320 [Worker-17: Building workspace] INFO  o.e.m.c.i.embedder.EclipseLogger - skip non existing resourceDirectory C:\Users\acer\Desktop\IMSE\imse_m2_final\IMSE\src\test\resources
2019-01-19 19:44:49,264 [Worker-4: Building workspace] INFO  o.e.m.c.i.l.LifecycleMappingFactory - Using org.eclipse.m2e.jdt.JarLifecycleMapping lifecycle mapping for MavenProject: com.imse:imse:0.0.1-SNAPSHOT @ C:\Users\acer\Desktop\IMSE\imse_m2_final\IMSE\pom.xml.
2019-01-19 19:44:49,998 [Worker-4: Building workspace] INFO  o.e.m.c.i.embedder.EclipseLogger - Using 'UTF-8' encoding to copy filtered resources.
2019-01-19 19:44:50,042 [Worker-4: Building workspace] INFO  o.e.m.c.i.embedder.EclipseLogger - Copying 0 resource
2019-01-19 19:44:50,047 [Worker-4: Building workspace] INFO  o.e.m.c.i.embedder.EclipseLogger - Copying 0 resource
2019-01-19 19:44:50,067 [Worker-4: Building workspace] INFO  o.e.m.c.i.embedder.EclipseLogger - Using 'UTF-8' encoding to copy filtered resources.
2019-01-19 19:44:50,072 [Worker-4: Building workspace] INFO  o.e.m.c.i.embedder.EclipseLogger - skip non existing resourceDirectory C:\Users\acer\Desktop\IMSE\imse_m2_final\IMSE\src\test\resources
2019-01-19 19:44:51,885 [Worker-16: Building workspace] INFO  o.e.m.c.i.embedder.EclipseLogger - Using 'UTF-8' encoding to copy filtered resources.
2019-01-19 19:44:51,885 [Worker-16: Building workspace] INFO  o.e.m.c.i.embedder.EclipseLogger - Copying 1 resource
2019-01-19 19:44:51,905 [Worker-16: Building workspace] INFO  o.e.m.c.i.embedder.EclipseLogger - Copying 8 resources
2019-01-19 19:44:51,945 [Worker-16: Building workspace] INFO  o.e.m.c.i.embedder.EclipseLogger - Using 'UTF-8' encoding to copy filtered resources.
2019-01-19 19:44:51,945 [Worker-16: Building workspace] INFO  o.e.m.c.i.embedder.EclipseLogger - skip non existing resourceDirectory C:\Users\acer\Desktop\IMSE\imse_m2_final\IMSE\src\test\resources
2019-01-19 19:45:13,896 [Worker-9: Building workspace] INFO  o.e.m.c.i.l.LifecycleMappingFactory - Using org.eclipse.m2e.jdt.JarLifecycleMapping lifecycle mapping for MavenProject: com.imse:imse:0.0.1-SNAPSHOT @ C:\Users\acer\Desktop\IMSE\imse_m2_final\IMSE\pom.xml.
2019-01-19 19:45:14,402 [Worker-9: Building workspace] INFO  o.e.m.c.i.embedder.EclipseLogger - Using 'UTF-8' encoding to copy filtered resources.
2019-01-19 19:45:14,402 [Worker-9: Building workspace] INFO  o.e.m.c.i.embedder.EclipseLogger - Copying 0 resource
2019-01-19 19:45:14,412 [Worker-9: Building workspace] INFO  o.e.m.c.i.embedder.EclipseLogger - Copying 0 resource
2019-01-19 19:45:14,412 [Worker-9: Building workspace] INFO  o.e.m.c.i.embedder.EclipseLogger - Using 'UTF-8' encoding to copy filtered resources.
2019-01-19 19:45:14,421 [Worker-9: Building workspace] INFO  o.e.m.c.i.embedder.EclipseLogger - skip non existing resourceDirectory C:\Users\acer\Desktop\IMSE\imse_m2_final\IMSE\src\test\resources
2019-01-19 19:45:16,189 [Worker-4: Building workspace] INFO  o.e.m.c.i.embedder.EclipseLogger - Using 'UTF-8' encoding to copy filtered resources.
2019-01-19 19:45:16,213 [Worker-4: Building workspace] INFO  o.e.m.c.i.embedder.EclipseLogger - Copying 1 resource
2019-01-19 19:45:16,242 [Worker-4: Building workspace] INFO  o.e.m.c.i.embedder.EclipseLogger - Copying 8 resources
2019-01-19 19:45:16,274 [Worker-4: Building workspace] INFO  o.e.m.c.i.embedder.EclipseLogger - Using 'UTF-8' encoding to copy filtered resources.
2019-01-19 19:45:16,274 [Worker-4: Building workspace] INFO  o.e.m.c.i.embedder.EclipseLogger - skip non existing resourceDirectory C:\Users\acer\Desktop\IMSE\imse_m2_final\IMSE\src\test\resources
2019-01-19 19:45:16,792 [Worker-14: Launching Executing clean in C__Users_acer_Desktop_IMSE_imse_m2_final_IMSE] INFO  o.e.m.i.launch.MavenLaunchDelegate - C:\Users\acer\Desktop\IMSE\imse_m2_final\IMSE
2019-01-19 19:45:16,792 [Worker-14: Launching Executing clean in C__Users_acer_Desktop_IMSE_imse_m2_final_IMSE] INFO  o.e.m.i.launch.MavenLaunchDelegate -  mvn -B clean
2019-01-19 19:45:19,543 [Worker-4: Building workspace] INFO  o.e.m.c.i.embedder.EclipseLogger - Using 'UTF-8' encoding to copy filtered resources.
2019-01-19 19:45:19,543 [Worker-4: Building workspace] INFO  o.e.m.c.i.embedder.EclipseLogger - Copying 1 resource
2019-01-19 19:45:19,550 [Worker-4: Building workspace] INFO  o.e.m.c.i.embedder.EclipseLogger - Copying 8 resources
2019-01-19 19:45:19,561 [Worker-4: Building workspace] INFO  o.e.m.c.i.embedder.EclipseLogger - Using 'UTF-8' encoding to copy filtered resources.
2019-01-19 19:45:19,561 [Worker-4: Building workspace] INFO  o.e.m.c.i.embedder.EclipseLogger - skip non existing resourceDirectory C:\Users\acer\Desktop\IMSE\imse_m2_final\IMSE\src\test\resources
2019-01-19 19:45:24,481 [Worker-14: Launching Executing install in C__Users_acer_Desktop_IMSE_imse_m2_final_IMSE] INFO  o.e.m.i.launch.MavenLaunchDelegate - C:\Users\acer\Desktop\IMSE\imse_m2_final\IMSE
2019-01-19 19:45:24,492 [Worker-14: Launching Executing install in C__Users_acer_Desktop_IMSE_imse_m2_final_IMSE] INFO  o.e.m.i.launch.MavenLaunchDelegate -  mvn -B install
2019-01-19 19:45:40,066 [Worker-4: Building workspace] INFO  o.e.m.c.i.embedder.EclipseLogger - Using 'UTF-8' encoding to copy filtered resources.
2019-01-19 19:45:40,076 [Worker-4: Building workspace] INFO  o.e.m.c.i.embedder.EclipseLogger - Copying 1 resource
2019-01-19 19:45:40,086 [Worker-4: Building workspace] INFO  o.e.m.c.i.embedder.EclipseLogger - Copying 8 resources
2019-01-19 19:45:40,102 [Worker-4: Building workspace] INFO  o.e.m.c.i.embedder.EclipseLogger - Using 'UTF-8' encoding to copy filtered resources.
2019-01-19 19:45:40,102 [Worker-4: Building workspace] INFO  o.e.m.c.i.embedder.EclipseLogger - skip non existing resourceDirectory C:\Users\acer\Desktop\IMSE\imse_m2_final\IMSE\src\test\resources
2019-01-19 19:46:10,152 [Worker-18: Building workspace] INFO  o.e.m.c.i.l.LifecycleMappingFactory - Using org.eclipse.m2e.jdt.JarLifecycleMapping lifecycle mapping for MavenProject: com.imse:imse:0.0.1-SNAPSHOT @ C:\Users\acer\Desktop\IMSE\imse_m2_final\IMSE\pom.xml.
2019-01-19 19:46:10,635 [Worker-18: Building workspace] INFO  o.e.m.c.i.e.AbstractTransferListenerAdapter - Downloaded https://repo.maven.apache.org/maven2/mysql/mysql-connector-java/8.0.11./mysql-connector-java-8.0.11..pom
2019-01-19 19:46:10,652 [Worker-18: Building workspace] WARN  o.e.m.c.i.embedder.EclipseLogger - The POM for mysql:mysql-connector-java:jar:8.0.11. is missing, no dependency information available
2019-01-19 19:46:11,042 [Worker-18: Building workspace] INFO  o.e.m.c.i.e.AbstractTransferListenerAdapter - Downloaded https://repo.maven.apache.org/maven2/mysql/mysql-connector-java/8.0.11./mysql-connector-java-8.0.11..jar
2019-01-19 19:46:11,335 [Worker-18: Building workspace] INFO  o.e.m.c.i.embedder.EclipseLogger - Using 'UTF-8' encoding to copy filtered resources.
2019-01-19 19:46:11,335 [Worker-18: Building workspace] INFO  o.e.m.c.i.embedder.EclipseLogger - Copying 0 resource
2019-01-19 19:46:11,341 [Worker-18: Building workspace] INFO  o.e.m.c.i.embedder.EclipseLogger - Copying 0 resource
2019-01-19 19:46:11,351 [Worker-18: Building workspace] INFO  o.e.m.c.i.embedder.EclipseLogger - Using 'UTF-8' encoding to copy filtered resources.
2019-01-19 19:46:11,351 [Worker-18: Building workspace] INFO  o.e.m.c.i.embedder.EclipseLogger - skip non existing resourceDirectory C:\Users\acer\Desktop\IMSE\imse_m2_final\IMSE\src\test\resources
2019-01-19 19:46:12,271 [Worker-9: Download sources and javadoc] WARN  o.e.m.c.i.embedder.EclipseLogger - The POM for mysql:mysql-connector-java:jar:8.0.11. is missing, no dependency information available
2019-01-19 19:46:12,851 [Worker-9: Download sources and javadoc] INFO  o.e.m.c.i.e.AbstractTransferListenerAdapter - Downloaded https://repo.maven.apache.org/maven2/mysql/mysql-connector-java/8.0.11./mysql-connector-java-8.0.11.-sources.jar
2019-01-19 19:46:12,881 [Worker-9: Download sources and javadoc] ERROR o.e.m.j.internal.DownloadSourcesJob - Could not download sources for mysql:mysql-connector-java:8.0.11.
org.eclipse.core.runtime.CoreException: Could not resolve artifact mysql:mysql-connector-java:jar:sources:8.0.11.
	at org.eclipse.m2e.core.internal.embedder.MavenImpl$5.call(MavenImpl.java:776) ~[org.eclipse.m2e.core_1.9.1.20180912-1601.jar:na]
	at org.eclipse.m2e.core.internal.embedder.MavenImpl$5.call(MavenImpl.java:1) ~[org.eclipse.m2e.core_1.9.1.20180912-1601.jar:na]
	at org.eclipse.m2e.core.internal.embedder.MavenExecutionContext.executeBare(MavenExecutionContext.java:177) [org.eclipse.m2e.core_1.9.1.20180912-1601.jar:na]
	at org.eclipse.m2e.core.internal.embedder.MavenExecutionContext.execute(MavenExecutionContext.java:112) [org.eclipse.m2e.core_1.9.1.20180912-1601.jar:na]
	at org.eclipse.m2e.core.internal.embedder.MavenExecutionContext.execute(MavenExecutionContext.java:99) [org.eclipse.m2e.core_1.9.1.20180912-1601.jar:na]
	at org.eclipse.m2e.core.internal.embedder.MavenImpl.resolve(MavenImpl.java:743) [org.eclipse.m2e.core_1.9.1.20180912-1601.jar:na]
	at org.eclipse.m2e.core.internal.embedder.MavenImpl.resolve(MavenImpl.java:720) [org.eclipse.m2e.core_1.9.1.20180912-1601.jar:na]
	at org.eclipse.m2e.jdt.internal.DownloadSourcesJob.download(DownloadSourcesJob.java:279) [org.eclipse.m2e.jdt_1.9.1.20180912-1601.jar:na]
	at org.eclipse.m2e.jdt.internal.DownloadSourcesJob.downloadAttachments(DownloadSourcesJob.java:254) [org.eclipse.m2e.jdt_1.9.1.20180912-1601.jar:na]
	at org.eclipse.m2e.jdt.internal.DownloadSourcesJob.downloadMaven(DownloadSourcesJob.java:221) [org.eclipse.m2e.jdt_1.9.1.20180912-1601.jar:na]
	at org.eclipse.m2e.jdt.internal.DownloadSourcesJob.run(DownloadSourcesJob.java:161) [org.eclipse.m2e.jdt_1.9.1.20180912-1601.jar:na]
	at org.eclipse.m2e.jdt.internal.DownloadSourcesJob$1.call(DownloadSourcesJob.java:137) [org.eclipse.m2e.jdt_1.9.1.20180912-1601.jar:na]
	at org.eclipse.m2e.jdt.internal.DownloadSourcesJob$1.call(DownloadSourcesJob.java:1) [org.eclipse.m2e.jdt_1.9.1.20180912-1601.jar:na]
	at org.eclipse.m2e.core.internal.embedder.MavenExecutionContext.executeBare(MavenExecutionContext.java:177) [org.eclipse.m2e.core_1.9.1.20180912-1601.jar:na]
	at org.eclipse.m2e.core.internal.embedder.MavenExecutionContext.execute(MavenExecutionContext.java:151) [org.eclipse.m2e.core_1.9.1.20180912-1601.jar:na]
	at org.eclipse.m2e.core.internal.embedder.MavenExecutionContext.execute(MavenExecutionContext.java:99) [org.eclipse.m2e.core_1.9.1.20180912-1601.jar:na]
	at org.eclipse.m2e.core.internal.embedder.MavenImpl.execute(MavenImpl.java:1355) [org.eclipse.m2e.core_1.9.1.20180912-1601.jar:na]
	at org.eclipse.m2e.jdt.internal.DownloadSourcesJob.run(DownloadSourcesJob.java:135) [org.eclipse.m2e.jdt_1.9.1.20180912-1601.jar:na]
	at org.eclipse.core.internal.jobs.Worker.run(Worker.java:63) [org.eclipse.core.jobs_3.10.100.v20180817-1215.jar:na]
2019-01-19 19:46:35,415 [Worker-14: Building workspace] INFO  o.e.m.c.i.l.LifecycleMappingFactory - Using org.eclipse.m2e.jdt.JarLifecycleMapping lifecycle mapping for MavenProject: com.imse:imse:0.0.1-SNAPSHOT @ C:\Users\acer\Desktop\IMSE\imse_m2_final\IMSE\pom.xml.
2019-01-19 19:46:35,921 [Worker-14: Building workspace] INFO  o.e.m.c.i.embedder.EclipseLogger - Using 'UTF-8' encoding to copy filtered resources.
2019-01-19 19:46:35,932 [Worker-14: Building workspace] INFO  o.e.m.c.i.embedder.EclipseLogger - Copying 0 resource
2019-01-19 19:46:35,941 [Worker-14: Building workspace] INFO  o.e.m.c.i.embedder.EclipseLogger - Copying 0 resource
2019-01-19 19:46:35,953 [Worker-14: Building workspace] INFO  o.e.m.c.i.embedder.EclipseLogger - Using 'UTF-8' encoding to copy filtered resources.
2019-01-19 19:46:35,953 [Worker-14: Building workspace] INFO  o.e.m.c.i.embedder.EclipseLogger - skip non existing resourceDirectory C:\Users\acer\Desktop\IMSE\imse_m2_final\IMSE\src\test\resources
2019-01-19 19:46:37,554 [Worker-18: Building workspace] INFO  o.e.m.c.i.embedder.EclipseLogger - Using 'UTF-8' encoding to copy filtered resources.
2019-01-19 19:46:37,556 [Worker-18: Building workspace] INFO  o.e.m.c.i.embedder.EclipseLogger - Copying 1 resource
2019-01-19 19:46:37,569 [Worker-18: Building workspace] INFO  o.e.m.c.i.embedder.EclipseLogger - Copying 8 resources
2019-01-19 19:46:37,601 [Worker-18: Building workspace] INFO  o.e.m.c.i.embedder.EclipseLogger - Using 'UTF-8' encoding to copy filtered resources.
2019-01-19 19:46:37,601 [Worker-18: Building workspace] INFO  o.e.m.c.i.embedder.EclipseLogger - skip non existing resourceDirectory C:\Users\acer\Desktop\IMSE\imse_m2_final\IMSE\src\test\resources
2019-01-19 19:46:42,426 [Worker-16: Launching Executing clean in C__Users_acer_Desktop_IMSE_imse_m2_final_IMSE] INFO  o.e.m.i.launch.MavenLaunchDelegate - C:\Users\acer\Desktop\IMSE\imse_m2_final\IMSE
2019-01-19 19:46:42,426 [Worker-16: Launching Executing clean in C__Users_acer_Desktop_IMSE_imse_m2_final_IMSE] INFO  o.e.m.i.launch.MavenLaunchDelegate -  mvn -B clean
2019-01-19 19:46:44,962 [Worker-13: Building workspace] INFO  o.e.m.c.i.embedder.EclipseLogger - Using 'UTF-8' encoding to copy filtered resources.
2019-01-19 19:46:44,975 [Worker-13: Building workspace] INFO  o.e.m.c.i.embedder.EclipseLogger - Copying 1 resource
2019-01-19 19:46:44,981 [Worker-13: Building workspace] INFO  o.e.m.c.i.embedder.EclipseLogger - Copying 8 resources
2019-01-19 19:46:45,011 [Worker-13: Building workspace] INFO  o.e.m.c.i.embedder.EclipseLogger - Using 'UTF-8' encoding to copy filtered resources.
2019-01-19 19:46:45,011 [Worker-13: Building workspace] INFO  o.e.m.c.i.embedder.EclipseLogger - skip non existing resourceDirectory C:\Users\acer\Desktop\IMSE\imse_m2_final\IMSE\src\test\resources
2019-01-19 19:46:50,131 [Worker-18: Launching Executing install in C__Users_acer_Desktop_IMSE_imse_m2_final_IMSE] INFO  o.e.m.i.launch.MavenLaunchDelegate - C:\Users\acer\Desktop\IMSE\imse_m2_final\IMSE
2019-01-19 19:46:50,131 [Worker-18: Launching Executing install in C__Users_acer_Desktop_IMSE_imse_m2_final_IMSE] INFO  o.e.m.i.launch.MavenLaunchDelegate -  mvn -B install
2019-01-19 19:47:04,795 [Worker-9: Building workspace] INFO  o.e.m.c.i.embedder.EclipseLogger - Using 'UTF-8' encoding to copy filtered resources.
2019-01-19 19:47:04,795 [Worker-9: Building workspace] INFO  o.e.m.c.i.embedder.EclipseLogger - Copying 1 resource
2019-01-19 19:47:04,811 [Worker-9: Building workspace] INFO  o.e.m.c.i.embedder.EclipseLogger - Copying 8 resources
2019-01-19 19:47:04,811 [Worker-9: Building workspace] INFO  o.e.m.c.i.embedder.EclipseLogger - Using 'UTF-8' encoding to copy filtered resources.
2019-01-19 19:47:04,822 [Worker-9: Building workspace] INFO  o.e.m.c.i.embedder.EclipseLogger - skip non existing resourceDirectory C:\Users\acer\Desktop\IMSE\imse_m2_final\IMSE\src\test\resources
2019-01-19 19:49:58,271 [Worker-13: Building workspace] INFO  o.e.m.c.i.embedder.EclipseLogger - Using 'UTF-8' encoding to copy filtered resources.
2019-01-19 19:49:58,271 [Worker-13: Building workspace] INFO  o.e.m.c.i.embedder.EclipseLogger - Copying 0 resource
2019-01-19 19:49:58,281 [Worker-13: Building workspace] INFO  o.e.m.c.i.embedder.EclipseLogger - Copying 0 resource
2019-01-19 19:49:58,292 [Worker-13: Building workspace] INFO  o.e.m.c.i.embedder.EclipseLogger - Using 'UTF-8' encoding to copy filtered resources.
2019-01-19 19:49:58,292 [Worker-13: Building workspace] INFO  o.e.m.c.i.embedder.EclipseLogger - skip non existing resourceDirectory C:\Users\acer\Desktop\IMSE\imse_m2_final\IMSE\src\test\resources
2019-01-19 19:50:02,911 [Worker-18: Building workspace] INFO  o.e.m.c.i.embedder.EclipseLogger - Using 'UTF-8' encoding to copy filtered resources.
2019-01-19 19:50:02,911 [Worker-18: Building workspace] INFO  o.e.m.c.i.embedder.EclipseLogger - Copying 0 resource
2019-01-19 19:50:02,911 [Worker-18: Building workspace] INFO  o.e.m.c.i.embedder.EclipseLogger - Copying 0 resource
2019-01-19 19:50:02,911 [Worker-18: Building workspace] INFO  o.e.m.c.i.embedder.EclipseLogger - Using 'UTF-8' encoding to copy filtered resources.
2019-01-19 19:50:02,911 [Worker-18: Building workspace] INFO  o.e.m.c.i.embedder.EclipseLogger - skip non existing resourceDirectory C:\Users\acer\Desktop\IMSE\imse_m2_final\IMSE\src\test\resources
2019-01-19 19:50:21,091 [Worker-9: Building workspace] INFO  o.e.m.c.i.embedder.EclipseLogger - Using 'UTF-8' encoding to copy filtered resources.
2019-01-19 19:50:21,095 [Worker-9: Building workspace] INFO  o.e.m.c.i.embedder.EclipseLogger - Copying 1 resource
2019-01-19 19:50:21,101 [Worker-9: Building workspace] INFO  o.e.m.c.i.embedder.EclipseLogger - Copying 8 resources
2019-01-19 19:50:21,141 [Worker-9: Building workspace] INFO  o.e.m.c.i.embedder.EclipseLogger - Using 'UTF-8' encoding to copy filtered resources.
2019-01-19 19:50:21,141 [Worker-9: Building workspace] INFO  o.e.m.c.i.embedder.EclipseLogger - skip non existing resourceDirectory C:\Users\acer\Desktop\IMSE\imse_m2_final\IMSE\src\test\resources
2019-01-19 19:50:24,821 [Worker-16: Launching Executing clean in C__Users_acer_Desktop_IMSE_imse_m2_final_IMSE] INFO  o.e.m.i.launch.MavenLaunchDelegate - C:\Users\acer\Desktop\IMSE\imse_m2_final\IMSE
2019-01-19 19:50:24,821 [Worker-16: Launching Executing clean in C__Users_acer_Desktop_IMSE_imse_m2_final_IMSE] INFO  o.e.m.i.launch.MavenLaunchDelegate -  mvn -B clean
2019-01-19 19:50:27,545 [Worker-16: Building workspace] INFO  o.e.m.c.i.embedder.EclipseLogger - Using 'UTF-8' encoding to copy filtered resources.
2019-01-19 19:50:27,551 [Worker-16: Building workspace] INFO  o.e.m.c.i.embedder.EclipseLogger - Copying 1 resource
2019-01-19 19:50:27,560 [Worker-16: Building workspace] INFO  o.e.m.c.i.embedder.EclipseLogger - Copying 8 resources
2019-01-19 19:50:27,591 [Worker-16: Building workspace] INFO  o.e.m.c.i.embedder.EclipseLogger - Using 'UTF-8' encoding to copy filtered resources.
2019-01-19 19:50:27,595 [Worker-16: Building workspace] INFO  o.e.m.c.i.embedder.EclipseLogger - skip non existing resourceDirectory C:\Users\acer\Desktop\IMSE\imse_m2_final\IMSE\src\test\resources
2019-01-19 19:50:38,975 [Worker-14: Launching Executing install in C__Users_acer_Desktop_IMSE_imse_m2_final_IMSE] INFO  o.e.m.i.launch.MavenLaunchDelegate - C:\Users\acer\Desktop\IMSE\imse_m2_final\IMSE
2019-01-19 19:50:38,975 [Worker-14: Launching Executing install in C__Users_acer_Desktop_IMSE_imse_m2_final_IMSE] INFO  o.e.m.i.launch.MavenLaunchDelegate -  mvn -B install
2019-01-19 19:50:55,485 [Worker-14: Building workspace] INFO  o.e.m.c.i.embedder.EclipseLogger - Using 'UTF-8' encoding to copy filtered resources.
2019-01-19 19:50:55,495 [Worker-14: Building workspace] INFO  o.e.m.c.i.embedder.EclipseLogger - Copying 1 resource
2019-01-19 19:50:55,505 [Worker-14: Building workspace] INFO  o.e.m.c.i.embedder.EclipseLogger - Copying 8 resources
2019-01-19 19:50:55,515 [Worker-14: Building workspace] INFO  o.e.m.c.i.embedder.EclipseLogger - Using 'UTF-8' encoding to copy filtered resources.
2019-01-19 19:50:55,515 [Worker-14: Building workspace] INFO  o.e.m.c.i.embedder.EclipseLogger - skip non existing resourceDirectory C:\Users\acer\Desktop\IMSE\imse_m2_final\IMSE\src\test\resources
2019-01-19 19:54:02,809 [Worker-16: Building workspace] INFO  o.e.m.c.i.embedder.EclipseLogger - Using 'UTF-8' encoding to copy filtered resources.
2019-01-19 19:54:02,809 [Worker-16: Building workspace] INFO  o.e.m.c.i.embedder.EclipseLogger - Copying 1 resource
2019-01-19 19:54:02,819 [Worker-16: Building workspace] INFO  o.e.m.c.i.embedder.EclipseLogger - Copying 8 resources
2019-01-19 19:54:02,819 [Worker-16: Building workspace] INFO  o.e.m.c.i.embedder.EclipseLogger - Using 'UTF-8' encoding to copy filtered resources.
2019-01-19 19:54:02,819 [Worker-16: Building workspace] INFO  o.e.m.c.i.embedder.EclipseLogger - skip non existing resourceDirectory C:\Users\acer\Desktop\IMSE\imse_m2_final\IMSE\src\test\resources
2019-01-19 20:14:44,579 [Worker-18: Building workspace] INFO  o.e.m.c.i.embedder.EclipseLogger - Using 'UTF-8' encoding to copy filtered resources.
2019-01-19 20:14:44,583 [Worker-18: Building workspace] INFO  o.e.m.c.i.embedder.EclipseLogger - Copying 1 resource
2019-01-19 20:14:44,633 [Worker-18: Building workspace] INFO  o.e.m.c.i.embedder.EclipseLogger - Copying 8 resources
2019-01-19 20:14:44,679 [Worker-18: Building workspace] INFO  o.e.m.c.i.embedder.EclipseLogger - Using 'UTF-8' encoding to copy filtered resources.
2019-01-19 20:14:44,679 [Worker-18: Building workspace] INFO  o.e.m.c.i.embedder.EclipseLogger - skip non existing resourceDirectory C:\Users\acer\Desktop\IMSE\imse_m2_final\IMSE\src\test\resources
2019-01-19 20:15:17,703 [Worker-17: Building workspace] INFO  o.e.m.c.i.embedder.EclipseLogger - Using 'UTF-8' encoding to copy filtered resources.
2019-01-19 20:15:17,703 [Worker-17: Building workspace] INFO  o.e.m.c.i.embedder.EclipseLogger - Copying 1 resource
2019-01-19 20:15:17,708 [Worker-17: Building workspace] INFO  o.e.m.c.i.embedder.EclipseLogger - Copying 8 resources
2019-01-19 20:15:17,719 [Worker-17: Building workspace] INFO  o.e.m.c.i.embedder.EclipseLogger - Using 'UTF-8' encoding to copy filtered resources.
2019-01-19 20:15:17,719 [Worker-17: Building workspace] INFO  o.e.m.c.i.embedder.EclipseLogger - skip non existing resourceDirectory C:\Users\acer\Desktop\IMSE\imse_m2_final\IMSE\src\test\resources
2019-01-19 20:16:14,049 [Worker-14: Building workspace] INFO  o.e.m.c.i.embedder.EclipseLogger - Using 'UTF-8' encoding to copy filtered resources.
2019-01-19 20:16:14,049 [Worker-14: Building workspace] INFO  o.e.m.c.i.embedder.EclipseLogger - Copying 1 resource
2019-01-19 20:16:14,061 [Worker-14: Building workspace] INFO  o.e.m.c.i.embedder.EclipseLogger - Copying 8 resources
2019-01-19 20:16:14,068 [Worker-14: Building workspace] INFO  o.e.m.c.i.embedder.EclipseLogger - Using 'UTF-8' encoding to copy filtered resources.
2019-01-19 20:16:14,068 [Worker-14: Building workspace] INFO  o.e.m.c.i.embedder.EclipseLogger - skip non existing resourceDirectory C:\Users\acer\Desktop\IMSE\imse_m2_final\IMSE\src\test\resources
2019-01-19 20:16:29,373 [Worker-14: Building workspace] INFO  o.e.m.c.i.embedder.EclipseLogger - Using 'UTF-8' encoding to copy filtered resources.
2019-01-19 20:16:29,373 [Worker-14: Building workspace] INFO  o.e.m.c.i.embedder.EclipseLogger - Copying 1 resource
2019-01-19 20:16:29,373 [Worker-14: Building workspace] INFO  o.e.m.c.i.embedder.EclipseLogger - Copying 8 resources
2019-01-19 20:16:29,379 [Worker-14: Building workspace] INFO  o.e.m.c.i.embedder.EclipseLogger - Using 'UTF-8' encoding to copy filtered resources.
2019-01-19 20:16:29,379 [Worker-14: Building workspace] INFO  o.e.m.c.i.embedder.EclipseLogger - skip non existing resourceDirectory C:\Users\acer\Desktop\IMSE\imse_m2_final\IMSE\src\test\resources
2019-01-19 20:18:38,002 [Worker-16: Building workspace] INFO  o.e.m.c.i.embedder.EclipseLogger - Using 'UTF-8' encoding to copy filtered resources.
2019-01-19 20:18:38,014 [Worker-16: Building workspace] INFO  o.e.m.c.i.embedder.EclipseLogger - Copying 1 resource
2019-01-19 20:18:38,022 [Worker-16: Building workspace] INFO  o.e.m.c.i.embedder.EclipseLogger - Copying 8 resources
2019-01-19 20:18:38,042 [Worker-16: Building workspace] INFO  o.e.m.c.i.embedder.EclipseLogger - Using 'UTF-8' encoding to copy filtered resources.
2019-01-19 20:18:38,042 [Worker-16: Building workspace] INFO  o.e.m.c.i.embedder.EclipseLogger - skip non existing resourceDirectory C:\Users\acer\Desktop\IMSE\imse_m2_final\IMSE\src\test\resources
2019-01-19 20:18:49,893 [Worker-17: Building workspace] INFO  o.e.m.c.i.embedder.EclipseLogger - Using 'UTF-8' encoding to copy filtered resources.
2019-01-19 20:18:49,893 [Worker-17: Building workspace] INFO  o.e.m.c.i.embedder.EclipseLogger - Copying 1 resource
2019-01-19 20:18:49,899 [Worker-17: Building workspace] INFO  o.e.m.c.i.embedder.EclipseLogger - Copying 8 resources
2019-01-19 20:18:49,912 [Worker-17: Building workspace] INFO  o.e.m.c.i.embedder.EclipseLogger - Using 'UTF-8' encoding to copy filtered resources.
2019-01-19 20:18:49,912 [Worker-17: Building workspace] INFO  o.e.m.c.i.embedder.EclipseLogger - skip non existing resourceDirectory C:\Users\acer\Desktop\IMSE\imse_m2_final\IMSE\src\test\resources
2019-01-19 20:19:13,439 [Worker-16: Building workspace] INFO  o.e.m.c.i.embedder.EclipseLogger - Using 'UTF-8' encoding to copy filtered resources.
2019-01-19 20:19:13,439 [Worker-16: Building workspace] INFO  o.e.m.c.i.embedder.EclipseLogger - Copying 1 resource
2019-01-19 20:19:13,452 [Worker-16: Building workspace] INFO  o.e.m.c.i.embedder.EclipseLogger - Copying 8 resources
2019-01-19 20:19:13,458 [Worker-16: Building workspace] INFO  o.e.m.c.i.embedder.EclipseLogger - Using 'UTF-8' encoding to copy filtered resources.
2019-01-19 20:19:13,458 [Worker-16: Building workspace] INFO  o.e.m.c.i.embedder.EclipseLogger - skip non existing resourceDirectory C:\Users\acer\Desktop\IMSE\imse_m2_final\IMSE\src\test\resources
2019-01-19 20:23:30,491 [Worker-14: Building workspace] INFO  o.e.m.c.i.embedder.EclipseLogger - Using 'UTF-8' encoding to copy filtered resources.
2019-01-19 20:23:30,491 [Worker-14: Building workspace] INFO  o.e.m.c.i.embedder.EclipseLogger - Copying 1 resource
2019-01-19 20:23:30,491 [Worker-14: Building workspace] INFO  o.e.m.c.i.embedder.EclipseLogger - Copying 8 resources
2019-01-19 20:23:30,498 [Worker-14: Building workspace] INFO  o.e.m.c.i.embedder.EclipseLogger - Using 'UTF-8' encoding to copy filtered resources.
2019-01-19 20:23:30,498 [Worker-14: Building workspace] INFO  o.e.m.c.i.embedder.EclipseLogger - skip non existing resourceDirectory C:\Users\acer\Desktop\IMSE\imse_m2_final\IMSE\src\test\resources
2019-01-19 20:24:07,587 [Worker-18: Launching IMSE - ImseApplication] INFO  o.e.m.c.i.embedder.EclipseLogger - Using 'UTF-8' encoding to copy filtered resources.
2019-01-19 20:24:07,590 [Worker-18: Launching IMSE - ImseApplication] INFO  o.e.m.c.i.embedder.EclipseLogger - Copying 1 resource
2019-01-19 20:24:07,590 [Worker-18: Launching IMSE - ImseApplication] INFO  o.e.m.c.i.embedder.EclipseLogger - Copying 8 resources
2019-01-19 20:24:07,597 [Worker-18: Launching IMSE - ImseApplication] INFO  o.e.m.c.i.embedder.EclipseLogger - Using 'UTF-8' encoding to copy filtered resources.
2019-01-19 20:24:07,597 [Worker-18: Launching IMSE - ImseApplication] INFO  o.e.m.c.i.embedder.EclipseLogger - skip non existing resourceDirectory C:\Users\acer\Desktop\IMSE\imse_m2_final\IMSE\src\test\resources
2019-01-19 20:26:10,137 [Worker-18: Building workspace] INFO  o.e.m.c.i.embedder.EclipseLogger - Using 'UTF-8' encoding to copy filtered resources.
2019-01-19 20:26:10,137 [Worker-18: Building workspace] INFO  o.e.m.c.i.embedder.EclipseLogger - Copying 1 resource
2019-01-19 20:26:10,147 [Worker-18: Building workspace] INFO  o.e.m.c.i.embedder.EclipseLogger - Copying 8 resources
2019-01-19 20:26:10,156 [Worker-18: Building workspace] INFO  o.e.m.c.i.embedder.EclipseLogger - Using 'UTF-8' encoding to copy filtered resources.
2019-01-19 20:26:10,156 [Worker-18: Building workspace] INFO  o.e.m.c.i.embedder.EclipseLogger - skip non existing resourceDirectory C:\Users\acer\Desktop\IMSE\imse_m2_final\IMSE\src\test\resources
2019-01-19 20:27:53,727 [Worker-13: Building workspace] INFO  o.e.m.c.i.embedder.EclipseLogger - Using 'UTF-8' encoding to copy filtered resources.
2019-01-19 20:27:53,737 [Worker-13: Building workspace] INFO  o.e.m.c.i.embedder.EclipseLogger - Copying 0 resource
2019-01-19 20:27:53,746 [Worker-13: Building workspace] INFO  o.e.m.c.i.embedder.EclipseLogger - Copying 0 resource
2019-01-19 20:27:53,757 [Worker-13: Building workspace] INFO  o.e.m.c.i.embedder.EclipseLogger - Using 'UTF-8' encoding to copy filtered resources.
2019-01-19 20:27:53,757 [Worker-13: Building workspace] INFO  o.e.m.c.i.embedder.EclipseLogger - skip non existing resourceDirectory C:\Users\acer\Desktop\IMSE\imse_m2_final\IMSE\src\test\resources
2019-01-19 20:27:54,927 [Worker-13: Building workspace] INFO  o.e.m.c.i.embedder.EclipseLogger - Using 'UTF-8' encoding to copy filtered resources.
2019-01-19 20:27:54,927 [Worker-13: Building workspace] INFO  o.e.m.c.i.embedder.EclipseLogger - Copying 0 resource
2019-01-19 20:27:54,927 [Worker-13: Building workspace] INFO  o.e.m.c.i.embedder.EclipseLogger - Copying 1 resource
2019-01-19 20:27:54,941 [Worker-13: Building workspace] INFO  o.e.m.c.i.embedder.EclipseLogger - Using 'UTF-8' encoding to copy filtered resources.
2019-01-19 20:27:54,941 [Worker-13: Building workspace] INFO  o.e.m.c.i.embedder.EclipseLogger - skip non existing resourceDirectory C:\Users\acer\Desktop\IMSE\imse_m2_final\IMSE\src\test\resources
2019-01-19 20:34:11,859 [Worker-17: Building workspace] INFO  o.e.m.c.i.embedder.EclipseLogger - Using 'UTF-8' encoding to copy filtered resources.
2019-01-19 20:34:11,867 [Worker-17: Building workspace] INFO  o.e.m.c.i.embedder.EclipseLogger - Copying 0 resource
2019-01-19 20:34:11,877 [Worker-17: Building workspace] INFO  o.e.m.c.i.embedder.EclipseLogger - Copying 1 resource
2019-01-19 20:34:11,886 [Worker-17: Building workspace] INFO  o.e.m.c.i.embedder.EclipseLogger - Using 'UTF-8' encoding to copy filtered resources.
2019-01-19 20:34:11,886 [Worker-17: Building workspace] INFO  o.e.m.c.i.embedder.EclipseLogger - skip non existing resourceDirectory C:\Users\acer\Desktop\IMSE\imse_m2_final\IMSE\src\test\resources
2019-01-19 20:34:16,077 [Worker-9: Building workspace] INFO  o.e.m.c.i.embedder.EclipseLogger - Using 'UTF-8' encoding to copy filtered resources.
2019-01-19 20:34:16,086 [Worker-9: Building workspace] INFO  o.e.m.c.i.embedder.EclipseLogger - Copying 0 resource
2019-01-19 20:34:16,090 [Worker-9: Building workspace] INFO  o.e.m.c.i.embedder.EclipseLogger - Copying 1 resource
2019-01-19 20:34:16,097 [Worker-9: Building workspace] INFO  o.e.m.c.i.embedder.EclipseLogger - Using 'UTF-8' encoding to copy filtered resources.
2019-01-19 20:34:16,106 [Worker-9: Building workspace] INFO  o.e.m.c.i.embedder.EclipseLogger - skip non existing resourceDirectory C:\Users\acer\Desktop\IMSE\imse_m2_final\IMSE\src\test\resources
2019-01-19 20:38:43,220 [Worker-16: Building workspace] INFO  o.e.m.c.i.embedder.EclipseLogger - Using 'UTF-8' encoding to copy filtered resources.
2019-01-19 20:38:43,270 [Worker-16: Building workspace] INFO  o.e.m.c.i.embedder.EclipseLogger - Copying 1 resource
2019-01-19 20:38:43,286 [Worker-16: Building workspace] INFO  o.e.m.c.i.embedder.EclipseLogger - Copying 8 resources
2019-01-19 20:38:43,300 [Worker-16: Building workspace] INFO  o.e.m.c.i.embedder.EclipseLogger - Using 'UTF-8' encoding to copy filtered resources.
2019-01-19 20:38:43,300 [Worker-16: Building workspace] INFO  o.e.m.c.i.embedder.EclipseLogger - skip non existing resourceDirectory C:\Users\acer\Desktop\IMSE\imse_m2_final\IMSE\src\test\resources
2019-01-19 20:43:44,526 [Worker-17: Building workspace] INFO  o.e.m.c.i.embedder.EclipseLogger - Using 'UTF-8' encoding to copy filtered resources.
2019-01-19 20:43:44,526 [Worker-17: Building workspace] INFO  o.e.m.c.i.embedder.EclipseLogger - Copying 1 resource
2019-01-19 20:43:44,530 [Worker-17: Building workspace] INFO  o.e.m.c.i.embedder.EclipseLogger - Copying 8 resources
2019-01-19 20:43:44,530 [Worker-17: Building workspace] INFO  o.e.m.c.i.embedder.EclipseLogger - Using 'UTF-8' encoding to copy filtered resources.
2019-01-19 20:43:44,530 [Worker-17: Building workspace] INFO  o.e.m.c.i.embedder.EclipseLogger - skip non existing resourceDirectory C:\Users\acer\Desktop\IMSE\imse_m2_final\IMSE\src\test\resources
2019-01-19 20:45:55,406 [Worker-9: Building workspace] INFO  o.e.m.c.i.embedder.EclipseLogger - Using 'UTF-8' encoding to copy filtered resources.
2019-01-19 20:45:55,406 [Worker-9: Building workspace] INFO  o.e.m.c.i.embedder.EclipseLogger - Copying 1 resource
2019-01-19 20:45:55,406 [Worker-9: Building workspace] INFO  o.e.m.c.i.embedder.EclipseLogger - Copying 8 resources
2019-01-19 20:45:55,420 [Worker-9: Building workspace] INFO  o.e.m.c.i.embedder.EclipseLogger - Using 'UTF-8' encoding to copy filtered resources.
2019-01-19 20:45:55,420 [Worker-9: Building workspace] INFO  o.e.m.c.i.embedder.EclipseLogger - skip non existing resourceDirectory C:\Users\acer\Desktop\IMSE\imse_m2_final\IMSE\src\test\resources
2019-01-19 20:46:30,516 [Worker-16: Building workspace] INFO  o.e.m.c.i.embedder.EclipseLogger - Using 'UTF-8' encoding to copy filtered resources.
2019-01-19 20:46:30,516 [Worker-16: Building workspace] INFO  o.e.m.c.i.embedder.EclipseLogger - Copying 1 resource
2019-01-19 20:46:30,525 [Worker-16: Building workspace] INFO  o.e.m.c.i.embedder.EclipseLogger - Copying 8 resources
2019-01-19 20:46:30,536 [Worker-16: Building workspace] INFO  o.e.m.c.i.embedder.EclipseLogger - Using 'UTF-8' encoding to copy filtered resources.
2019-01-19 20:46:30,546 [Worker-16: Building workspace] INFO  o.e.m.c.i.embedder.EclipseLogger - skip non existing resourceDirectory C:\Users\acer\Desktop\IMSE\imse_m2_final\IMSE\src\test\resources
2019-01-19 20:46:58,056 [Worker-16: Building workspace] INFO  o.e.m.c.i.embedder.EclipseLogger - Using 'UTF-8' encoding to copy filtered resources.
2019-01-19 20:46:58,071 [Worker-16: Building workspace] INFO  o.e.m.c.i.embedder.EclipseLogger - Copying 1 resource
2019-01-19 20:46:58,081 [Worker-16: Building workspace] INFO  o.e.m.c.i.embedder.EclipseLogger - Copying 8 resources
2019-01-19 20:46:58,085 [Worker-16: Building workspace] INFO  o.e.m.c.i.embedder.EclipseLogger - Using 'UTF-8' encoding to copy filtered resources.
2019-01-19 20:46:58,085 [Worker-16: Building workspace] INFO  o.e.m.c.i.embedder.EclipseLogger - skip non existing resourceDirectory C:\Users\acer\Desktop\IMSE\imse_m2_final\IMSE\src\test\resources
2019-01-19 20:47:21,987 [Worker-9: Building workspace] INFO  o.e.m.c.i.embedder.EclipseLogger - Using 'UTF-8' encoding to copy filtered resources.
2019-01-19 20:47:21,987 [Worker-9: Building workspace] INFO  o.e.m.c.i.embedder.EclipseLogger - Copying 1 resource
2019-01-19 20:47:21,996 [Worker-9: Building workspace] INFO  o.e.m.c.i.embedder.EclipseLogger - Copying 8 resources
2019-01-19 20:47:22,001 [Worker-9: Building workspace] INFO  o.e.m.c.i.embedder.EclipseLogger - Using 'UTF-8' encoding to copy filtered resources.
2019-01-19 20:47:22,006 [Worker-9: Building workspace] INFO  o.e.m.c.i.embedder.EclipseLogger - skip non existing resourceDirectory C:\Users\acer\Desktop\IMSE\imse_m2_final\IMSE\src\test\resources
2019-01-19 20:47:42,529 [Worker-18: Building workspace] INFO  o.e.m.c.i.embedder.EclipseLogger - Using 'UTF-8' encoding to copy filtered resources.
2019-01-19 20:47:42,535 [Worker-18: Building workspace] INFO  o.e.m.c.i.embedder.EclipseLogger - Copying 1 resource
2019-01-19 20:47:42,546 [Worker-18: Building workspace] INFO  o.e.m.c.i.embedder.EclipseLogger - Copying 8 resources
2019-01-19 20:47:42,556 [Worker-18: Building workspace] INFO  o.e.m.c.i.embedder.EclipseLogger - Using 'UTF-8' encoding to copy filtered resources.
2019-01-19 20:47:42,556 [Worker-18: Building workspace] INFO  o.e.m.c.i.embedder.EclipseLogger - skip non existing resourceDirectory C:\Users\acer\Desktop\IMSE\imse_m2_final\IMSE\src\test\resources
2019-01-19 20:48:56,666 [Worker-16: Building workspace] INFO  o.e.m.c.i.embedder.EclipseLogger - Using 'UTF-8' encoding to copy filtered resources.
2019-01-19 20:48:56,666 [Worker-16: Building workspace] INFO  o.e.m.c.i.embedder.EclipseLogger - Copying 1 resource
2019-01-19 20:48:56,676 [Worker-16: Building workspace] INFO  o.e.m.c.i.embedder.EclipseLogger - Copying 8 resources
2019-01-19 20:48:56,686 [Worker-16: Building workspace] INFO  o.e.m.c.i.embedder.EclipseLogger - Using 'UTF-8' encoding to copy filtered resources.
2019-01-19 20:48:56,686 [Worker-16: Building workspace] INFO  o.e.m.c.i.embedder.EclipseLogger - skip non existing resourceDirectory C:\Users\acer\Desktop\IMSE\imse_m2_final\IMSE\src\test\resources
2019-01-19 20:51:43,986 [Worker-21: Building workspace] INFO  o.e.m.c.i.embedder.EclipseLogger - Using 'UTF-8' encoding to copy filtered resources.
2019-01-19 20:51:43,996 [Worker-21: Building workspace] INFO  o.e.m.c.i.embedder.EclipseLogger - Copying 1 resource
2019-01-19 20:51:44,006 [Worker-21: Building workspace] INFO  o.e.m.c.i.embedder.EclipseLogger - Copying 8 resources
2019-01-19 20:51:44,006 [Worker-21: Building workspace] INFO  o.e.m.c.i.embedder.EclipseLogger - Using 'UTF-8' encoding to copy filtered resources.
2019-01-19 20:51:44,006 [Worker-21: Building workspace] INFO  o.e.m.c.i.embedder.EclipseLogger - skip non existing resourceDirectory C:\Users\acer\Desktop\IMSE\imse_m2_final\IMSE\src\test\resources
2019-01-19 20:52:10,915 [Worker-22: Building workspace] INFO  o.e.m.c.i.embedder.EclipseLogger - Using 'UTF-8' encoding to copy filtered resources.
2019-01-19 20:52:10,915 [Worker-22: Building workspace] INFO  o.e.m.c.i.embedder.EclipseLogger - Copying 1 resource
2019-01-19 20:52:10,915 [Worker-22: Building workspace] INFO  o.e.m.c.i.embedder.EclipseLogger - Copying 8 resources
2019-01-19 20:52:10,915 [Worker-22: Building workspace] INFO  o.e.m.c.i.embedder.EclipseLogger - Using 'UTF-8' encoding to copy filtered resources.
2019-01-19 20:52:10,915 [Worker-22: Building workspace] INFO  o.e.m.c.i.embedder.EclipseLogger - skip non existing resourceDirectory C:\Users\acer\Desktop\IMSE\imse_m2_final\IMSE\src\test\resources
2019-01-19 20:52:13,817 [Worker-16: Building workspace] INFO  o.e.m.c.i.embedder.EclipseLogger - Using 'UTF-8' encoding to copy filtered resources.
2019-01-19 20:52:13,817 [Worker-16: Building workspace] INFO  o.e.m.c.i.embedder.EclipseLogger - Copying 1 resource
2019-01-19 20:52:13,817 [Worker-16: Building workspace] INFO  o.e.m.c.i.embedder.EclipseLogger - Copying 8 resources
2019-01-19 20:52:13,825 [Worker-16: Building workspace] INFO  o.e.m.c.i.embedder.EclipseLogger - Using 'UTF-8' encoding to copy filtered resources.
2019-01-19 20:52:13,825 [Worker-16: Building workspace] INFO  o.e.m.c.i.embedder.EclipseLogger - skip non existing resourceDirectory C:\Users\acer\Desktop\IMSE\imse_m2_final\IMSE\src\test\resources
2019-01-19 20:52:21,900 [Worker-9: Building workspace] INFO  o.e.m.c.i.embedder.EclipseLogger - Using 'UTF-8' encoding to copy filtered resources.
2019-01-19 20:52:21,900 [Worker-9: Building workspace] INFO  o.e.m.c.i.embedder.EclipseLogger - Copying 1 resource
2019-01-19 20:52:21,916 [Worker-9: Building workspace] INFO  o.e.m.c.i.embedder.EclipseLogger - Copying 8 resources
2019-01-19 20:52:21,930 [Worker-9: Building workspace] INFO  o.e.m.c.i.embedder.EclipseLogger - Using 'UTF-8' encoding to copy filtered resources.
2019-01-19 20:52:21,940 [Worker-9: Building workspace] INFO  o.e.m.c.i.embedder.EclipseLogger - skip non existing resourceDirectory C:\Users\acer\Desktop\IMSE\imse_m2_final\IMSE\src\test\resources
2019-01-19 20:52:49,616 [Worker-21: Building workspace] INFO  o.e.m.c.i.embedder.EclipseLogger - Using 'UTF-8' encoding to copy filtered resources.
2019-01-19 20:52:49,616 [Worker-21: Building workspace] INFO  o.e.m.c.i.embedder.EclipseLogger - Copying 1 resource
2019-01-19 20:52:49,626 [Worker-21: Building workspace] INFO  o.e.m.c.i.embedder.EclipseLogger - Copying 8 resources
2019-01-19 20:52:49,636 [Worker-21: Building workspace] INFO  o.e.m.c.i.embedder.EclipseLogger - Using 'UTF-8' encoding to copy filtered resources.
2019-01-19 20:52:49,636 [Worker-21: Building workspace] INFO  o.e.m.c.i.embedder.EclipseLogger - skip non existing resourceDirectory C:\Users\acer\Desktop\IMSE\imse_m2_final\IMSE\src\test\resources
2019-01-19 20:54:10,286 [Worker-18: Building workspace] INFO  o.e.m.c.i.embedder.EclipseLogger - Using 'UTF-8' encoding to copy filtered resources.
2019-01-19 20:54:10,290 [Worker-18: Building workspace] INFO  o.e.m.c.i.embedder.EclipseLogger - Copying 1 resource
2019-01-19 20:54:10,290 [Worker-18: Building workspace] INFO  o.e.m.c.i.embedder.EclipseLogger - Copying 8 resources
2019-01-19 20:54:10,290 [Worker-18: Building workspace] INFO  o.e.m.c.i.embedder.EclipseLogger - Using 'UTF-8' encoding to copy filtered resources.
2019-01-19 20:54:10,300 [Worker-18: Building workspace] INFO  o.e.m.c.i.embedder.EclipseLogger - skip non existing resourceDirectory C:\Users\acer\Desktop\IMSE\imse_m2_final\IMSE\src\test\resources
2019-01-19 20:54:26,846 [Worker-14: Building workspace] INFO  o.e.m.c.i.embedder.EclipseLogger - Using 'UTF-8' encoding to copy filtered resources.
2019-01-19 20:54:26,852 [Worker-14: Building workspace] INFO  o.e.m.c.i.embedder.EclipseLogger - Copying 1 resource
2019-01-19 20:54:26,855 [Worker-14: Building workspace] INFO  o.e.m.c.i.embedder.EclipseLogger - Copying 8 resources
2019-01-19 20:54:26,866 [Worker-14: Building workspace] INFO  o.e.m.c.i.embedder.EclipseLogger - Using 'UTF-8' encoding to copy filtered resources.
2019-01-19 20:54:26,866 [Worker-14: Building workspace] INFO  o.e.m.c.i.embedder.EclipseLogger - skip non existing resourceDirectory C:\Users\acer\Desktop\IMSE\imse_m2_final\IMSE\src\test\resources
2019-01-19 21:00:57,346 [Worker-22: Building workspace] INFO  o.e.m.c.i.embedder.EclipseLogger - Using 'UTF-8' encoding to copy filtered resources.
2019-01-19 21:00:57,346 [Worker-22: Building workspace] INFO  o.e.m.c.i.embedder.EclipseLogger - Copying 0 resource
2019-01-19 21:00:57,356 [Worker-22: Building workspace] INFO  o.e.m.c.i.embedder.EclipseLogger - Copying 5 resources
2019-01-19 21:00:57,374 [Worker-22: Building workspace] INFO  o.e.m.c.i.embedder.EclipseLogger - Using 'UTF-8' encoding to copy filtered resources.
2019-01-19 21:00:57,374 [Worker-22: Building workspace] INFO  o.e.m.c.i.embedder.EclipseLogger - skip non existing resourceDirectory C:\Users\acer\Desktop\IMSE\imse_m2_final\IMSE\src\test\resources
2019-01-19 21:02:47,846 [Worker-17: Building workspace] INFO  o.e.m.c.i.embedder.EclipseLogger - Using 'UTF-8' encoding to copy filtered resources.
2019-01-19 21:02:47,860 [Worker-17: Building workspace] INFO  o.e.m.c.i.embedder.EclipseLogger - Copying 0 resource
2019-01-19 21:02:47,866 [Worker-17: Building workspace] INFO  o.e.m.c.i.embedder.EclipseLogger - Copying 1 resource
2019-01-19 21:02:47,879 [Worker-17: Building workspace] INFO  o.e.m.c.i.embedder.EclipseLogger - Using 'UTF-8' encoding to copy filtered resources.
2019-01-19 21:02:47,879 [Worker-17: Building workspace] INFO  o.e.m.c.i.embedder.EclipseLogger - skip non existing resourceDirectory C:\Users\acer\Desktop\IMSE\imse_m2_final\IMSE\src\test\resources
2019-01-19 21:09:53,156 [Worker-9: Building workspace] INFO  o.e.m.c.i.embedder.EclipseLogger - Using 'UTF-8' encoding to copy filtered resources.
2019-01-19 21:09:53,156 [Worker-9: Building workspace] INFO  o.e.m.c.i.embedder.EclipseLogger - Copying 0 resource
2019-01-19 21:09:53,156 [Worker-9: Building workspace] INFO  o.e.m.c.i.embedder.EclipseLogger - Copying 2 resources
2019-01-19 21:09:53,165 [Worker-9: Building workspace] INFO  o.e.m.c.i.embedder.EclipseLogger - Using 'UTF-8' encoding to copy filtered resources.
2019-01-19 21:09:53,165 [Worker-9: Building workspace] INFO  o.e.m.c.i.embedder.EclipseLogger - skip non existing resourceDirectory C:\Users\acer\Desktop\IMSE\imse_m2_final\IMSE\src\test\resources
2019-01-19 21:14:40,435 [Worker-22: Building workspace] INFO  o.e.m.c.i.embedder.EclipseLogger - Using 'UTF-8' encoding to copy filtered resources.
2019-01-19 21:14:40,435 [Worker-22: Building workspace] INFO  o.e.m.c.i.embedder.EclipseLogger - Copying 0 resource
2019-01-19 21:14:40,439 [Worker-22: Building workspace] INFO  o.e.m.c.i.embedder.EclipseLogger - Copying 1 resource
2019-01-19 21:14:40,485 [Worker-22: Building workspace] INFO  o.e.m.c.i.embedder.EclipseLogger - Using 'UTF-8' encoding to copy filtered resources.
2019-01-19 21:14:40,485 [Worker-22: Building workspace] INFO  o.e.m.c.i.embedder.EclipseLogger - skip non existing resourceDirectory C:\Users\acer\Desktop\IMSE\imse_m2_final\IMSE\src\test\resources
2019-01-19 21:16:14,674 [Worker-22: Building workspace] INFO  o.e.m.c.i.embedder.EclipseLogger - Using 'UTF-8' encoding to copy filtered resources.
2019-01-19 21:16:14,674 [Worker-22: Building workspace] INFO  o.e.m.c.i.embedder.EclipseLogger - Copying 0 resource
2019-01-19 21:16:14,679 [Worker-22: Building workspace] INFO  o.e.m.c.i.embedder.EclipseLogger - Copying 1 resource
2019-01-19 21:16:14,685 [Worker-22: Building workspace] INFO  o.e.m.c.i.embedder.EclipseLogger - Using 'UTF-8' encoding to copy filtered resources.
2019-01-19 21:16:14,699 [Worker-22: Building workspace] INFO  o.e.m.c.i.embedder.EclipseLogger - skip non existing resourceDirectory C:\Users\acer\Desktop\IMSE\imse_m2_final\IMSE\src\test\resources
2019-01-19 21:18:19,925 [Worker-4: Building workspace] INFO  o.e.m.c.i.embedder.EclipseLogger - Using 'UTF-8' encoding to copy filtered resources.
2019-01-19 21:18:19,935 [Worker-4: Building workspace] INFO  o.e.m.c.i.embedder.EclipseLogger - Copying 0 resource
2019-01-19 21:18:19,945 [Worker-4: Building workspace] INFO  o.e.m.c.i.embedder.EclipseLogger - Copying 1 resource
2019-01-19 21:18:19,955 [Worker-4: Building workspace] INFO  o.e.m.c.i.embedder.EclipseLogger - Using 'UTF-8' encoding to copy filtered resources.
2019-01-19 21:18:19,955 [Worker-4: Building workspace] INFO  o.e.m.c.i.embedder.EclipseLogger - skip non existing resourceDirectory C:\Users\acer\Desktop\IMSE\imse_m2_final\IMSE\src\test\resources
2019-01-19 21:18:21,015 [Worker-9: Building workspace] INFO  o.e.m.c.i.embedder.EclipseLogger - Using 'UTF-8' encoding to copy filtered resources.
2019-01-19 21:18:21,015 [Worker-9: Building workspace] INFO  o.e.m.c.i.embedder.EclipseLogger - Copying 0 resource
2019-01-19 21:18:21,015 [Worker-9: Building workspace] INFO  o.e.m.c.i.embedder.EclipseLogger - Copying 1 resource
2019-01-19 21:18:21,025 [Worker-9: Building workspace] INFO  o.e.m.c.i.embedder.EclipseLogger - Using 'UTF-8' encoding to copy filtered resources.
2019-01-19 21:18:21,025 [Worker-9: Building workspace] INFO  o.e.m.c.i.embedder.EclipseLogger - skip non existing resourceDirectory C:\Users\acer\Desktop\IMSE\imse_m2_final\IMSE\src\test\resources
2019-01-19 21:19:46,965 [Worker-4: Building workspace] INFO  o.e.m.c.i.embedder.EclipseLogger - Using 'UTF-8' encoding to copy filtered resources.
2019-01-19 21:19:46,975 [Worker-4: Building workspace] INFO  o.e.m.c.i.embedder.EclipseLogger - Copying 0 resource
2019-01-19 21:19:46,986 [Worker-4: Building workspace] INFO  o.e.m.c.i.embedder.EclipseLogger - Copying 1 resource
2019-01-19 21:19:46,998 [Worker-4: Building workspace] INFO  o.e.m.c.i.embedder.EclipseLogger - Using 'UTF-8' encoding to copy filtered resources.
2019-01-19 21:19:46,998 [Worker-4: Building workspace] INFO  o.e.m.c.i.embedder.EclipseLogger - skip non existing resourceDirectory C:\Users\acer\Desktop\IMSE\imse_m2_final\IMSE\src\test\resources
2019-01-19 21:21:11,605 [Worker-17: Building workspace] INFO  o.e.m.c.i.embedder.EclipseLogger - Using 'UTF-8' encoding to copy filtered resources.
2019-01-19 21:21:11,605 [Worker-17: Building workspace] INFO  o.e.m.c.i.embedder.EclipseLogger - Copying 0 resource
2019-01-19 21:21:11,605 [Worker-17: Building workspace] INFO  o.e.m.c.i.embedder.EclipseLogger - Copying 1 resource
2019-01-19 21:21:11,615 [Worker-17: Building workspace] INFO  o.e.m.c.i.embedder.EclipseLogger - Using 'UTF-8' encoding to copy filtered resources.
2019-01-19 21:21:11,625 [Worker-17: Building workspace] INFO  o.e.m.c.i.embedder.EclipseLogger - skip non existing resourceDirectory C:\Users\acer\Desktop\IMSE\imse_m2_final\IMSE\src\test\resources
2019-01-19 21:21:56,125 [Worker-4: Building workspace] INFO  o.e.m.c.i.embedder.EclipseLogger - Using 'UTF-8' encoding to copy filtered resources.
2019-01-19 21:21:56,125 [Worker-4: Building workspace] INFO  o.e.m.c.i.embedder.EclipseLogger - Copying 0 resource
2019-01-19 21:21:56,141 [Worker-4: Building workspace] INFO  o.e.m.c.i.embedder.EclipseLogger - Copying 1 resource
2019-01-19 21:21:56,157 [Worker-4: Building workspace] INFO  o.e.m.c.i.embedder.EclipseLogger - Using 'UTF-8' encoding to copy filtered resources.
2019-01-19 21:21:56,157 [Worker-4: Building workspace] INFO  o.e.m.c.i.embedder.EclipseLogger - skip non existing resourceDirectory C:\Users\acer\Desktop\IMSE\imse_m2_final\IMSE\src\test\resources
2019-01-19 21:22:42,590 [Worker-17: Building workspace] INFO  o.e.m.c.i.embedder.EclipseLogger - Using 'UTF-8' encoding to copy filtered resources.
2019-01-19 21:22:42,590 [Worker-17: Building workspace] INFO  o.e.m.c.i.embedder.EclipseLogger - Copying 0 resource
2019-01-19 21:22:42,590 [Worker-17: Building workspace] INFO  o.e.m.c.i.embedder.EclipseLogger - Copying 1 resource
2019-01-19 21:22:42,596 [Worker-17: Building workspace] INFO  o.e.m.c.i.embedder.EclipseLogger - Using 'UTF-8' encoding to copy filtered resources.
2019-01-19 21:22:42,596 [Worker-17: Building workspace] INFO  o.e.m.c.i.embedder.EclipseLogger - skip non existing resourceDirectory C:\Users\acer\Desktop\IMSE\imse_m2_final\IMSE\src\test\resources
2019-01-19 21:23:20,586 [Worker-14: Building workspace] INFO  o.e.m.c.i.embedder.EclipseLogger - Using 'UTF-8' encoding to copy filtered resources.
2019-01-19 21:23:20,586 [Worker-14: Building workspace] INFO  o.e.m.c.i.embedder.EclipseLogger - Copying 0 resource
2019-01-19 21:23:20,586 [Worker-14: Building workspace] INFO  o.e.m.c.i.embedder.EclipseLogger - Copying 1 resource
2019-01-19 21:23:20,596 [Worker-14: Building workspace] INFO  o.e.m.c.i.embedder.EclipseLogger - Using 'UTF-8' encoding to copy filtered resources.
2019-01-19 21:23:20,596 [Worker-14: Building workspace] INFO  o.e.m.c.i.embedder.EclipseLogger - skip non existing resourceDirectory C:\Users\acer\Desktop\IMSE\imse_m2_final\IMSE\src\test\resources
2019-01-19 21:24:10,326 [Worker-4: Building workspace] INFO  o.e.m.c.i.embedder.EclipseLogger - Using 'UTF-8' encoding to copy filtered resources.
2019-01-19 21:24:10,326 [Worker-4: Building workspace] INFO  o.e.m.c.i.embedder.EclipseLogger - Copying 0 resource
2019-01-19 21:24:10,336 [Worker-4: Building workspace] INFO  o.e.m.c.i.embedder.EclipseLogger - Copying 1 resource
2019-01-19 21:24:10,346 [Worker-4: Building workspace] INFO  o.e.m.c.i.embedder.EclipseLogger - Using 'UTF-8' encoding to copy filtered resources.
2019-01-19 21:24:10,356 [Worker-4: Building workspace] INFO  o.e.m.c.i.embedder.EclipseLogger - skip non existing resourceDirectory C:\Users\acer\Desktop\IMSE\imse_m2_final\IMSE\src\test\resources
2019-01-19 21:30:33,197 [Worker-21: Building workspace] INFO  o.e.m.c.i.embedder.EclipseLogger - Using 'UTF-8' encoding to copy filtered resources.
2019-01-19 21:30:33,203 [Worker-21: Building workspace] INFO  o.e.m.c.i.embedder.EclipseLogger - Copying 0 resource
2019-01-19 21:30:33,213 [Worker-21: Building workspace] INFO  o.e.m.c.i.embedder.EclipseLogger - Copying 1 resource
2019-01-19 21:30:33,223 [Worker-21: Building workspace] INFO  o.e.m.c.i.embedder.EclipseLogger - Using 'UTF-8' encoding to copy filtered resources.
2019-01-19 21:30:33,223 [Worker-21: Building workspace] INFO  o.e.m.c.i.embedder.EclipseLogger - skip non existing resourceDirectory C:\Users\acer\Desktop\IMSE\imse_m2_final\IMSE\src\test\resources
2019-01-19 21:31:38,153 [Worker-17: Building workspace] INFO  o.e.m.c.i.embedder.EclipseLogger - Using 'UTF-8' encoding to copy filtered resources.
2019-01-19 21:31:38,153 [Worker-17: Building workspace] INFO  o.e.m.c.i.embedder.EclipseLogger - Copying 0 resource
2019-01-19 21:31:38,153 [Worker-17: Building workspace] INFO  o.e.m.c.i.embedder.EclipseLogger - Copying 1 resource
2019-01-19 21:31:38,164 [Worker-17: Building workspace] INFO  o.e.m.c.i.embedder.EclipseLogger - Using 'UTF-8' encoding to copy filtered resources.
2019-01-19 21:31:38,173 [Worker-17: Building workspace] INFO  o.e.m.c.i.embedder.EclipseLogger - skip non existing resourceDirectory C:\Users\acer\Desktop\IMSE\imse_m2_final\IMSE\src\test\resources
2019-01-19 21:32:29,282 [Worker-4: Building workspace] INFO  o.e.m.c.i.embedder.EclipseLogger - Using 'UTF-8' encoding to copy filtered resources.
2019-01-19 21:32:29,282 [Worker-4: Building workspace] INFO  o.e.m.c.i.embedder.EclipseLogger - Copying 0 resource
2019-01-19 21:32:29,293 [Worker-4: Building workspace] INFO  o.e.m.c.i.embedder.EclipseLogger - Copying 1 resource
2019-01-19 21:32:29,307 [Worker-4: Building workspace] INFO  o.e.m.c.i.embedder.EclipseLogger - Using 'UTF-8' encoding to copy filtered resources.
2019-01-19 21:32:29,307 [Worker-4: Building workspace] INFO  o.e.m.c.i.embedder.EclipseLogger - skip non existing resourceDirectory C:\Users\acer\Desktop\IMSE\imse_m2_final\IMSE\src\test\resources
2019-01-19 21:33:58,893 [Worker-18: Building workspace] INFO  o.e.m.c.i.embedder.EclipseLogger - Using 'UTF-8' encoding to copy filtered resources.
2019-01-19 21:33:58,893 [Worker-18: Building workspace] INFO  o.e.m.c.i.embedder.EclipseLogger - Copying 0 resource
2019-01-19 21:33:58,893 [Worker-18: Building workspace] INFO  o.e.m.c.i.embedder.EclipseLogger - Copying 1 resource
2019-01-19 21:33:58,904 [Worker-18: Building workspace] INFO  o.e.m.c.i.embedder.EclipseLogger - Using 'UTF-8' encoding to copy filtered resources.
2019-01-19 21:33:58,913 [Worker-18: Building workspace] INFO  o.e.m.c.i.embedder.EclipseLogger - skip non existing resourceDirectory C:\Users\acer\Desktop\IMSE\imse_m2_final\IMSE\src\test\resources
2019-01-19 21:45:53,082 [Worker-16: Building workspace] INFO  o.e.m.c.i.embedder.EclipseLogger - Using 'UTF-8' encoding to copy filtered resources.
2019-01-19 21:45:53,082 [Worker-16: Building workspace] INFO  o.e.m.c.i.embedder.EclipseLogger - Copying 0 resource
2019-01-19 21:45:53,082 [Worker-16: Building workspace] INFO  o.e.m.c.i.embedder.EclipseLogger - Copying 1 resource
2019-01-19 21:45:53,092 [Worker-16: Building workspace] INFO  o.e.m.c.i.embedder.EclipseLogger - Using 'UTF-8' encoding to copy filtered resources.
2019-01-19 21:45:53,092 [Worker-16: Building workspace] INFO  o.e.m.c.i.embedder.EclipseLogger - skip non existing resourceDirectory C:\Users\acer\Desktop\IMSE\imse_m2_final\IMSE\src\test\resources
2019-01-19 21:45:54,116 [Worker-21: Building workspace] INFO  o.e.m.c.i.embedder.EclipseLogger - Using 'UTF-8' encoding to copy filtered resources.
2019-01-19 21:45:54,122 [Worker-21: Building workspace] INFO  o.e.m.c.i.embedder.EclipseLogger - Copying 0 resource
2019-01-19 21:45:54,122 [Worker-21: Building workspace] INFO  o.e.m.c.i.embedder.EclipseLogger - Copying 1 resource
2019-01-19 21:45:54,122 [Worker-21: Building workspace] INFO  o.e.m.c.i.embedder.EclipseLogger - Using 'UTF-8' encoding to copy filtered resources.
2019-01-19 21:45:54,122 [Worker-21: Building workspace] INFO  o.e.m.c.i.embedder.EclipseLogger - skip non existing resourceDirectory C:\Users\acer\Desktop\IMSE\imse_m2_final\IMSE\src\test\resources
2019-01-19 21:46:08,002 [Worker-13: Building workspace] INFO  o.e.m.c.i.embedder.EclipseLogger - Using 'UTF-8' encoding to copy filtered resources.
2019-01-19 21:46:08,002 [Worker-13: Building workspace] INFO  o.e.m.c.i.embedder.EclipseLogger - Copying 0 resource
2019-01-19 21:46:08,002 [Worker-13: Building workspace] INFO  o.e.m.c.i.embedder.EclipseLogger - Copying 1 resource
2019-01-19 21:46:08,012 [Worker-13: Building workspace] INFO  o.e.m.c.i.embedder.EclipseLogger - Using 'UTF-8' encoding to copy filtered resources.
2019-01-19 21:46:08,012 [Worker-13: Building workspace] INFO  o.e.m.c.i.embedder.EclipseLogger - skip non existing resourceDirectory C:\Users\acer\Desktop\IMSE\imse_m2_final\IMSE\src\test\resources
2019-01-19 21:46:48,042 [Worker-16: Building workspace] INFO  o.e.m.c.i.embedder.EclipseLogger - Using 'UTF-8' encoding to copy filtered resources.
2019-01-19 21:46:48,042 [Worker-16: Building workspace] INFO  o.e.m.c.i.embedder.EclipseLogger - Copying 0 resource
2019-01-19 21:46:48,052 [Worker-16: Building workspace] INFO  o.e.m.c.i.embedder.EclipseLogger - Copying 1 resource
2019-01-19 21:46:48,116 [Worker-16: Building workspace] INFO  o.e.m.c.i.embedder.EclipseLogger - Using 'UTF-8' encoding to copy filtered resources.
2019-01-19 21:46:48,122 [Worker-16: Building workspace] INFO  o.e.m.c.i.embedder.EclipseLogger - skip non existing resourceDirectory C:\Users\acer\Desktop\IMSE\imse_m2_final\IMSE\src\test\resources
2019-01-19 21:52:33,762 [Worker-21: Building workspace] INFO  o.e.m.c.i.embedder.EclipseLogger - Using 'UTF-8' encoding to copy filtered resources.
2019-01-19 21:52:33,771 [Worker-21: Building workspace] INFO  o.e.m.c.i.embedder.EclipseLogger - Copying 0 resource
2019-01-19 21:52:33,782 [Worker-21: Building workspace] INFO  o.e.m.c.i.embedder.EclipseLogger - Copying 1 resource
2019-01-19 21:52:33,791 [Worker-21: Building workspace] INFO  o.e.m.c.i.embedder.EclipseLogger - Using 'UTF-8' encoding to copy filtered resources.
2019-01-19 21:52:33,791 [Worker-21: Building workspace] INFO  o.e.m.c.i.embedder.EclipseLogger - skip non existing resourceDirectory C:\Users\acer\Desktop\IMSE\imse_m2_final\IMSE\src\test\resources
2019-01-19 21:53:28,962 [Worker-13: Building workspace] INFO  o.e.m.c.i.embedder.EclipseLogger - Using 'UTF-8' encoding to copy filtered resources.
2019-01-19 21:53:28,971 [Worker-13: Building workspace] INFO  o.e.m.c.i.embedder.EclipseLogger - Copying 0 resource
2019-01-19 21:53:28,971 [Worker-13: Building workspace] INFO  o.e.m.c.i.embedder.EclipseLogger - Copying 1 resource
2019-01-19 21:53:28,985 [Worker-13: Building workspace] INFO  o.e.m.c.i.embedder.EclipseLogger - Using 'UTF-8' encoding to copy filtered resources.
2019-01-19 21:53:29,002 [Worker-13: Building workspace] INFO  o.e.m.c.i.embedder.EclipseLogger - skip non existing resourceDirectory C:\Users\acer\Desktop\IMSE\imse_m2_final\IMSE\src\test\resources
2019-01-19 21:54:34,681 [Worker-16: Building workspace] INFO  o.e.m.c.i.embedder.EclipseLogger - Using 'UTF-8' encoding to copy filtered resources.
2019-01-19 21:54:34,681 [Worker-16: Building workspace] INFO  o.e.m.c.i.embedder.EclipseLogger - Copying 0 resource
2019-01-19 21:54:34,695 [Worker-16: Building workspace] INFO  o.e.m.c.i.embedder.EclipseLogger - Copying 1 resource
2019-01-19 21:54:34,701 [Worker-16: Building workspace] INFO  o.e.m.c.i.embedder.EclipseLogger - Using 'UTF-8' encoding to copy filtered resources.
2019-01-19 21:54:34,701 [Worker-16: Building workspace] INFO  o.e.m.c.i.embedder.EclipseLogger - skip non existing resourceDirectory C:\Users\acer\Desktop\IMSE\imse_m2_final\IMSE\src\test\resources
2019-01-19 21:56:19,322 [Worker-18: Building workspace] INFO  o.e.m.c.i.embedder.EclipseLogger - Using 'UTF-8' encoding to copy filtered resources.
2019-01-19 21:56:19,322 [Worker-18: Building workspace] INFO  o.e.m.c.i.embedder.EclipseLogger - Copying 0 resource
2019-01-19 21:56:19,332 [Worker-18: Building workspace] INFO  o.e.m.c.i.embedder.EclipseLogger - Copying 1 resource
2019-01-19 21:56:19,341 [Worker-18: Building workspace] INFO  o.e.m.c.i.embedder.EclipseLogger - Using 'UTF-8' encoding to copy filtered resources.
2019-01-19 21:56:19,351 [Worker-18: Building workspace] INFO  o.e.m.c.i.embedder.EclipseLogger - skip non existing resourceDirectory C:\Users\acer\Desktop\IMSE\imse_m2_final\IMSE\src\test\resources
2019-01-19 21:58:19,641 [Worker-9: Building workspace] INFO  o.e.m.c.i.embedder.EclipseLogger - Using 'UTF-8' encoding to copy filtered resources.
2019-01-19 21:58:19,641 [Worker-9: Building workspace] INFO  o.e.m.c.i.embedder.EclipseLogger - Copying 0 resource
2019-01-19 21:58:19,651 [Worker-9: Building workspace] INFO  o.e.m.c.i.embedder.EclipseLogger - Copying 1 resource
2019-01-19 21:58:19,661 [Worker-9: Building workspace] INFO  o.e.m.c.i.embedder.EclipseLogger - Using 'UTF-8' encoding to copy filtered resources.
2019-01-19 21:58:19,661 [Worker-9: Building workspace] INFO  o.e.m.c.i.embedder.EclipseLogger - skip non existing resourceDirectory C:\Users\acer\Desktop\IMSE\imse_m2_final\IMSE\src\test\resources
2019-01-19 21:58:29,651 [Worker-9: Building workspace] INFO  o.e.m.c.i.embedder.EclipseLogger - Using 'UTF-8' encoding to copy filtered resources.
2019-01-19 21:58:29,651 [Worker-9: Building workspace] INFO  o.e.m.c.i.embedder.EclipseLogger - Copying 0 resource
2019-01-19 21:58:29,651 [Worker-9: Building workspace] INFO  o.e.m.c.i.embedder.EclipseLogger - Copying 1 resource
2019-01-19 21:58:29,661 [Worker-9: Building workspace] INFO  o.e.m.c.i.embedder.EclipseLogger - Using 'UTF-8' encoding to copy filtered resources.
2019-01-19 21:58:29,661 [Worker-9: Building workspace] INFO  o.e.m.c.i.embedder.EclipseLogger - skip non existing resourceDirectory C:\Users\acer\Desktop\IMSE\imse_m2_final\IMSE\src\test\resources
2019-01-19 21:59:04,731 [Worker-18: Building workspace] INFO  o.e.m.c.i.embedder.EclipseLogger - Using 'UTF-8' encoding to copy filtered resources.
2019-01-19 21:59:04,731 [Worker-18: Building workspace] INFO  o.e.m.c.i.embedder.EclipseLogger - Copying 0 resource
2019-01-19 21:59:04,731 [Worker-18: Building workspace] INFO  o.e.m.c.i.embedder.EclipseLogger - Copying 1 resource
2019-01-19 21:59:04,751 [Worker-18: Building workspace] INFO  o.e.m.c.i.embedder.EclipseLogger - Using 'UTF-8' encoding to copy filtered resources.
2019-01-19 21:59:04,751 [Worker-18: Building workspace] INFO  o.e.m.c.i.embedder.EclipseLogger - skip non existing resourceDirectory C:\Users\acer\Desktop\IMSE\imse_m2_final\IMSE\src\test\resources
2019-01-19 21:59:09,770 [Worker-14: Building workspace] INFO  o.e.m.c.i.embedder.EclipseLogger - Using 'UTF-8' encoding to copy filtered resources.
2019-01-19 21:59:09,770 [Worker-14: Building workspace] INFO  o.e.m.c.i.embedder.EclipseLogger - Copying 0 resource
2019-01-19 21:59:09,777 [Worker-14: Building workspace] INFO  o.e.m.c.i.embedder.EclipseLogger - Copying 1 resource
2019-01-19 21:59:09,786 [Worker-14: Building workspace] INFO  o.e.m.c.i.embedder.EclipseLogger - Using 'UTF-8' encoding to copy filtered resources.
2019-01-19 21:59:09,793 [Worker-14: Building workspace] INFO  o.e.m.c.i.embedder.EclipseLogger - skip non existing resourceDirectory C:\Users\acer\Desktop\IMSE\imse_m2_final\IMSE\src\test\resources
2019-01-19 21:59:34,791 [Worker-17: Building workspace] INFO  o.e.m.c.i.embedder.EclipseLogger - Using 'UTF-8' encoding to copy filtered resources.
2019-01-19 21:59:34,801 [Worker-17: Building workspace] INFO  o.e.m.c.i.embedder.EclipseLogger - Copying 0 resource
2019-01-19 21:59:34,811 [Worker-17: Building workspace] INFO  o.e.m.c.i.embedder.EclipseLogger - Copying 1 resource
2019-01-19 21:59:34,821 [Worker-17: Building workspace] INFO  o.e.m.c.i.embedder.EclipseLogger - Using 'UTF-8' encoding to copy filtered resources.
2019-01-19 21:59:34,821 [Worker-17: Building workspace] INFO  o.e.m.c.i.embedder.EclipseLogger - skip non existing resourceDirectory C:\Users\acer\Desktop\IMSE\imse_m2_final\IMSE\src\test\resources
2019-01-19 22:06:26,663 [Worker-13: Building workspace] INFO  o.e.m.c.i.embedder.EclipseLogger - Using 'UTF-8' encoding to copy filtered resources.
2019-01-19 22:06:26,663 [Worker-13: Building workspace] INFO  o.e.m.c.i.embedder.EclipseLogger - Copying 1 resource
2019-01-19 22:06:26,663 [Worker-13: Building workspace] INFO  o.e.m.c.i.embedder.EclipseLogger - Copying 10 resources
2019-01-19 22:06:26,670 [Worker-13: Building workspace] INFO  o.e.m.c.i.embedder.EclipseLogger - Using 'UTF-8' encoding to copy filtered resources.
2019-01-19 22:06:26,681 [Worker-13: Building workspace] INFO  o.e.m.c.i.embedder.EclipseLogger - skip non existing resourceDirectory C:\Users\acer\Desktop\IMSE\imse_m2_final\IMSE\src\test\resources
2019-01-19 22:07:42,701 [Worker-17: Building workspace] INFO  o.e.m.c.i.embedder.EclipseLogger - Using 'UTF-8' encoding to copy filtered resources.
2019-01-19 22:07:42,711 [Worker-17: Building workspace] INFO  o.e.m.c.i.embedder.EclipseLogger - Copying 1 resource
2019-01-19 22:07:42,721 [Worker-17: Building workspace] INFO  o.e.m.c.i.embedder.EclipseLogger - Copying 10 resources
2019-01-19 22:07:42,731 [Worker-17: Building workspace] INFO  o.e.m.c.i.embedder.EclipseLogger - Using 'UTF-8' encoding to copy filtered resources.
2019-01-19 22:07:42,731 [Worker-17: Building workspace] INFO  o.e.m.c.i.embedder.EclipseLogger - skip non existing resourceDirectory C:\Users\acer\Desktop\IMSE\imse_m2_final\IMSE\src\test\resources
2019-01-19 22:08:39,331 [Worker-13: Building workspace] INFO  o.e.m.c.i.embedder.EclipseLogger - Using 'UTF-8' encoding to copy filtered resources.
2019-01-19 22:08:39,331 [Worker-13: Building workspace] INFO  o.e.m.c.i.embedder.EclipseLogger - Copying 1 resource
2019-01-19 22:08:39,341 [Worker-13: Building workspace] INFO  o.e.m.c.i.embedder.EclipseLogger - Copying 10 resources
2019-01-19 22:08:39,351 [Worker-13: Building workspace] INFO  o.e.m.c.i.embedder.EclipseLogger - Using 'UTF-8' encoding to copy filtered resources.
2019-01-19 22:08:39,351 [Worker-13: Building workspace] INFO  o.e.m.c.i.embedder.EclipseLogger - skip non existing resourceDirectory C:\Users\acer\Desktop\IMSE\imse_m2_final\IMSE\src\test\resources
2019-01-19 22:15:31,824 [Worker-4: Building workspace] INFO  o.e.m.c.i.embedder.EclipseLogger - Using 'UTF-8' encoding to copy filtered resources.
2019-01-19 22:15:31,830 [Worker-4: Building workspace] INFO  o.e.m.c.i.embedder.EclipseLogger - Copying 0 resource
2019-01-19 22:15:31,841 [Worker-4: Building workspace] INFO  o.e.m.c.i.embedder.EclipseLogger - Copying 1 resource
2019-01-19 22:15:31,841 [Worker-4: Building workspace] INFO  o.e.m.c.i.embedder.EclipseLogger - Using 'UTF-8' encoding to copy filtered resources.
2019-01-19 22:15:31,841 [Worker-4: Building workspace] INFO  o.e.m.c.i.embedder.EclipseLogger - skip non existing resourceDirectory C:\Users\acer\Desktop\IMSE\imse_m2_final\IMSE\src\test\resources
2019-01-19 22:15:32,861 [Worker-4: Building workspace] INFO  o.e.m.c.i.embedder.EclipseLogger - Using 'UTF-8' encoding to copy filtered resources.
2019-01-19 22:15:32,861 [Worker-4: Building workspace] INFO  o.e.m.c.i.embedder.EclipseLogger - Copying 0 resource
2019-01-19 22:15:32,861 [Worker-4: Building workspace] INFO  o.e.m.c.i.embedder.EclipseLogger - Copying 1 resource
2019-01-19 22:15:32,871 [Worker-4: Building workspace] INFO  o.e.m.c.i.embedder.EclipseLogger - Using 'UTF-8' encoding to copy filtered resources.
2019-01-19 22:15:32,871 [Worker-4: Building workspace] INFO  o.e.m.c.i.embedder.EclipseLogger - skip non existing resourceDirectory C:\Users\acer\Desktop\IMSE\imse_m2_final\IMSE\src\test\resources
2019-01-19 22:16:11,940 [Worker-14: Building workspace] INFO  o.e.m.c.i.embedder.EclipseLogger - Using 'UTF-8' encoding to copy filtered resources.
2019-01-19 22:16:11,941 [Worker-14: Building workspace] INFO  o.e.m.c.i.embedder.EclipseLogger - Copying 0 resource
2019-01-19 22:16:11,941 [Worker-14: Building workspace] INFO  o.e.m.c.i.embedder.EclipseLogger - Copying 1 resource
2019-01-19 22:16:11,951 [Worker-14: Building workspace] INFO  o.e.m.c.i.embedder.EclipseLogger - Using 'UTF-8' encoding to copy filtered resources.
2019-01-19 22:16:11,952 [Worker-14: Building workspace] INFO  o.e.m.c.i.embedder.EclipseLogger - skip non existing resourceDirectory C:\Users\acer\Desktop\IMSE\imse_m2_final\IMSE\src\test\resources
2019-01-19 22:16:50,028 [Worker-22: Building workspace] INFO  o.e.m.c.i.embedder.EclipseLogger - Using 'UTF-8' encoding to copy filtered resources.
2019-01-19 22:16:50,028 [Worker-22: Building workspace] INFO  o.e.m.c.i.embedder.EclipseLogger - Copying 0 resource
2019-01-19 22:16:50,035 [Worker-22: Building workspace] INFO  o.e.m.c.i.embedder.EclipseLogger - Copying 1 resource
2019-01-19 22:16:50,044 [Worker-22: Building workspace] INFO  o.e.m.c.i.embedder.EclipseLogger - Using 'UTF-8' encoding to copy filtered resources.
2019-01-19 22:16:50,049 [Worker-22: Building workspace] INFO  o.e.m.c.i.embedder.EclipseLogger - skip non existing resourceDirectory C:\Users\acer\Desktop\IMSE\imse_m2_final\IMSE\src\test\resources
2019-01-19 22:17:49,700 [Worker-21: Building workspace] INFO  o.e.m.c.i.embedder.EclipseLogger - Using 'UTF-8' encoding to copy filtered resources.
2019-01-19 22:17:49,706 [Worker-21: Building workspace] INFO  o.e.m.c.i.embedder.EclipseLogger - Copying 0 resource
2019-01-19 22:17:49,711 [Worker-21: Building workspace] INFO  o.e.m.c.i.embedder.EclipseLogger - Copying 1 resource
2019-01-19 22:17:49,721 [Worker-21: Building workspace] INFO  o.e.m.c.i.embedder.EclipseLogger - Using 'UTF-8' encoding to copy filtered resources.
2019-01-19 22:17:49,721 [Worker-21: Building workspace] INFO  o.e.m.c.i.embedder.EclipseLogger - skip non existing resourceDirectory C:\Users\acer\Desktop\IMSE\imse_m2_final\IMSE\src\test\resources
2019-01-19 22:19:03,030 [Worker-21: Building workspace] INFO  o.e.m.c.i.embedder.EclipseLogger - Using 'UTF-8' encoding to copy filtered resources.
2019-01-19 22:19:03,030 [Worker-21: Building workspace] INFO  o.e.m.c.i.embedder.EclipseLogger - Copying 0 resource
2019-01-19 22:19:03,030 [Worker-21: Building workspace] INFO  o.e.m.c.i.embedder.EclipseLogger - Copying 1 resource
2019-01-19 22:19:03,041 [Worker-21: Building workspace] INFO  o.e.m.c.i.embedder.EclipseLogger - Using 'UTF-8' encoding to copy filtered resources.
2019-01-19 22:19:03,051 [Worker-21: Building workspace] INFO  o.e.m.c.i.embedder.EclipseLogger - skip non existing resourceDirectory C:\Users\acer\Desktop\IMSE\imse_m2_final\IMSE\src\test\resources
2019-01-19 22:21:39,773 [Worker-13: Building workspace] INFO  o.e.m.c.i.embedder.EclipseLogger - Using 'UTF-8' encoding to copy filtered resources.
2019-01-19 22:21:39,779 [Worker-13: Building workspace] INFO  o.e.m.c.i.embedder.EclipseLogger - Copying 0 resource
2019-01-19 22:21:39,785 [Worker-13: Building workspace] INFO  o.e.m.c.i.embedder.EclipseLogger - Copying 1 resource
2019-01-19 22:21:39,794 [Worker-13: Building workspace] INFO  o.e.m.c.i.embedder.EclipseLogger - Using 'UTF-8' encoding to copy filtered resources.
2019-01-19 22:21:39,794 [Worker-13: Building workspace] INFO  o.e.m.c.i.embedder.EclipseLogger - skip non existing resourceDirectory C:\Users\acer\Desktop\IMSE\imse_m2_final\IMSE\src\test\resources
2019-01-19 22:21:40,804 [Worker-14: Building workspace] INFO  o.e.m.c.i.embedder.EclipseLogger - Using 'UTF-8' encoding to copy filtered resources.
2019-01-19 22:21:40,804 [Worker-14: Building workspace] INFO  o.e.m.c.i.embedder.EclipseLogger - Copying 0 resource
2019-01-19 22:21:40,810 [Worker-14: Building workspace] INFO  o.e.m.c.i.embedder.EclipseLogger - Copying 5 resources
2019-01-19 22:21:40,836 [Worker-14: Building workspace] INFO  o.e.m.c.i.embedder.EclipseLogger - Using 'UTF-8' encoding to copy filtered resources.
2019-01-19 22:21:40,841 [Worker-14: Building workspace] INFO  o.e.m.c.i.embedder.EclipseLogger - skip non existing resourceDirectory C:\Users\acer\Desktop\IMSE\imse_m2_final\IMSE\src\test\resources
2019-01-19 22:27:26,911 [Worker-9: Building workspace] INFO  o.e.m.c.i.embedder.EclipseLogger - Using 'UTF-8' encoding to copy filtered resources.
2019-01-19 22:27:26,924 [Worker-9: Building workspace] INFO  o.e.m.c.i.embedder.EclipseLogger - Copying 1 resource
2019-01-19 22:27:26,934 [Worker-9: Building workspace] INFO  o.e.m.c.i.embedder.EclipseLogger - Copying 10 resources
2019-01-19 22:27:26,940 [Worker-9: Building workspace] INFO  o.e.m.c.i.embedder.EclipseLogger - Using 'UTF-8' encoding to copy filtered resources.
2019-01-19 22:27:26,940 [Worker-9: Building workspace] INFO  o.e.m.c.i.embedder.EclipseLogger - skip non existing resourceDirectory C:\Users\acer\Desktop\IMSE\imse_m2_final\IMSE\src\test\resources
2019-01-19 22:28:06,860 [Worker-9: Building workspace] INFO  o.e.m.c.i.embedder.EclipseLogger - Using 'UTF-8' encoding to copy filtered resources.
2019-01-19 22:28:06,860 [Worker-9: Building workspace] INFO  o.e.m.c.i.embedder.EclipseLogger - Copying 1 resource
2019-01-19 22:28:06,860 [Worker-9: Building workspace] INFO  o.e.m.c.i.embedder.EclipseLogger - Copying 10 resources
2019-01-19 22:28:06,870 [Worker-9: Building workspace] INFO  o.e.m.c.i.embedder.EclipseLogger - Using 'UTF-8' encoding to copy filtered resources.
2019-01-19 22:28:06,870 [Worker-9: Building workspace] INFO  o.e.m.c.i.embedder.EclipseLogger - skip non existing resourceDirectory C:\Users\acer\Desktop\IMSE\imse_m2_final\IMSE\src\test\resources
2019-01-19 22:35:29,400 [main] INFO  o.e.m2e.actions.ExecutePomAction - Creating new launch configuration
2019-01-19 22:36:24,701 [Worker-16: Launching IMSE] INFO  o.e.m.i.launch.MavenLaunchDelegate - C:\Users\acer\Desktop\IMSE\imse_m2_final\IMSE
2019-01-19 22:36:24,701 [Worker-16: Launching IMSE] INFO  o.e.m.i.launch.MavenLaunchDelegate -  mvn -B 
2019-01-23 13:25:05,004 [Worker-0: Loading available Gradle versions] INFO  c.g.t.t.d.PublishedGradleVersions - Gradle version information cache is out-of-date. Trying to update.
